<?xml version="1.0" encoding="UTF-8"?>
<testsuite xmlns:xsi="http://www.w3.org/2001/XMLSchema-instance" xsi:noNamespaceSchemaLocation="https://maven.apache.org/surefire/maven-surefire-plugin/xsd/surefire-test-report-3.0.xsd" version="3.0" name="ApiTest" time="10.465" tests="8" errors="0" skipped="0" failures="0">
  <properties>
[...]
</properties>
  <testcase name="GetToken" classname="ApiTest" time="1.129">
    <system-out><![CDATA[{
    "token": "a941e3f77ea0a29"
}
]]></system-out>
    <system-err><![CDATA[SLF4J: Failed to load class "org.slf4j.impl.StaticLoggerBinder".
SLF4J: Defaulting to no-operation (NOP) logger implementation
SLF4J: See http://www.slf4j.org/codes.html#StaticLoggerBinder for further details.
]]></system-err>
  </testcase>
  <testcase name="createBooking" classname="ApiTest" time="0.936">
    <system-out><![CDATA[{
    "bookingid": 1737,
    "booking": {
        "firstname": "Jim",
        "lastname": "Brown",
        "totalprice": 111,
        "depositpaid": true,
        "bookingdates": {
            "checkin": "2018-01-01",
            "checkout": "2019-01-01"
        }
    }
}
]]></system-out>
  </testcase>
  <testcase name="updateBooking" classname="ApiTest" time="0.899">
    <system-out><![CDATA[{
    "firstname": "James",
    "lastname": "Brown",
    "totalprice": 111,
    "depositpaid": true,
    "bookingdates": {
        "checkin": "2018-01-01",
        "checkout": "2019-01-01"
    }
}
]]></system-out>
  </testcase>
  <testcase name="partialUpdateBooking" classname="ApiTest" time="0.8">
    <system-out><![CDATA[{
    "firstname": "Jack",
    "lastname": "Bro",
    "totalprice": 111,
    "depositpaid": true,
    "bookingdates": {
        "checkin": "2018-01-01",
        "checkout": "2019-01-01"
    }
}
]]></system-out>
  </testcase>
  <testcase name="deleteBooking" classname="ApiTest" time="0.732">
    <system-out><![CDATA[Created
]]></system-out>
  </testcase>
  <testcase name="healthCheck" classname="ApiTest" time="0.946">
    <system-out><![CDATA[Created
]]></system-out>
  </testcase>
  <testcase name="GetBooking" classname="ApiTest" time="1.119">
    <system-out><![CDATA[[
    {
        "bookingid": 1162
    },
    {
        "bookingid": 431
    },
    {
        "bookingid": 1190
    },
    {
        "bookingid": 518
    },
    {
        "bookingid": 688
    },
    {
        "bookingid": 273
    },
    {
        "bookingid": 1066
    },
    {
        "bookingid": 354
    },
    {
        "bookingid": 491
    },
    {
        "bookingid": 956
    },
    {
        "bookingid": 373
    },
    {
        "bookingid": 1117
    },
    {
        "bookingid": 881
    },
    {
        "bookingid": 1042
    },
    {
        "bookingid": 95
    },
    {
        "bookingid": 40
    },
    {
        "bookingid": 517
    },
    {
        "bookingid": 265
    },
    {
        "bookingid": 1462
    },
    {
        "bookingid": 1155
    },
    {
        "bookingid": 558
    },
    {
        "bookingid": 777
    },
    {
        "bookingid": 673
    },
    {
        "bookingid": 703
    },
    {
        "bookingid": 1065
    },
    {
        "bookingid": 1740
    },
    {
        "bookingid": 1259
    },
    {
        "bookingid": 1310
    },
    {
        "bookingid": 1458
    },
    {
        "bookingid": 1252
    },
    {
        "bookingid": 657
    },
    {
        "bookingid": 214
    },
    {
        "bookingid": 987
    },
    {
        "bookingid": 1670
    },
    {
        "bookingid": 615
    },
    {
        "bookingid": 782
    },
    {
        "bookingid": 1423
    },
    {
        "bookingid": 976
    },
    {
        "bookingid": 224
    },
    {
        "bookingid": 424
    },
    {
        "bookingid": 1605
    },
    {
        "bookingid": 1651
    },
    {
        "bookingid": 1682
    },
    {
        "bookingid": 1558
    },
    {
        "bookingid": 380
    },
    {
        "bookingid": 571
    },
    {
        "bookingid": 941
    },
    {
        "bookingid": 835
    },
    {
        "bookingid": 1328
    },
    {
        "bookingid": 631
    },
    {
        "bookingid": 1747
    },
    {
        "bookingid": 117
    },
    {
        "bookingid": 756
    },
    {
        "bookingid": 1279
    },
    {
        "bookingid": 455
    },
    {
        "bookingid": 1064
    },
    {
        "bookingid": 481
    },
    {
        "bookingid": 91
    },
    {
        "bookingid": 565
    },
    {
        "bookingid": 1097
    },
    {
        "bookingid": 1003
    },
    {
        "bookingid": 1340
    },
    {
        "bookingid": 1662
    },
    {
        "bookingid": 539
    },
    {
        "bookingid": 123
    },
    {
        "bookingid": 762
    },
    {
        "bookingid": 813
    },
    {
        "bookingid": 1273
    },
    {
        "bookingid": 1339
    },
    {
        "bookingid": 1501
    },
    {
        "bookingid": 739
    },
    {
        "bookingid": 599
    },
    {
        "bookingid": 1590
    },
    {
        "bookingid": 605
    },
    {
        "bookingid": 434
    },
    {
        "bookingid": 1732
    },
    {
        "bookingid": 535
    },
    {
        "bookingid": 1014
    },
    {
        "bookingid": 1179
    },
    {
        "bookingid": 1435
    },
    {
        "bookingid": 1650
    },
    {
        "bookingid": 1088
    },
    {
        "bookingid": 845
    },
    {
        "bookingid": 625
    },
    {
        "bookingid": 516
    },
    {
        "bookingid": 1469
    },
    {
        "bookingid": 1390
    },
    {
        "bookingid": 1336
    },
    {
        "bookingid": 547
    },
    {
        "bookingid": 1202
    },
    {
        "bookingid": 258
    },
    {
        "bookingid": 973
    },
    {
        "bookingid": 1101
    },
    {
        "bookingid": 1280
    },
    {
        "bookingid": 1455
    },
    {
        "bookingid": 253
    },
    {
        "bookingid": 1324
    },
    {
        "bookingid": 69
    },
    {
        "bookingid": 1741
    },
    {
        "bookingid": 1460
    },
    {
        "bookingid": 175
    },
    {
        "bookingid": 1198
    },
    {
        "bookingid": 232
    },
    {
        "bookingid": 712
    },
    {
        "bookingid": 1695
    },
    {
        "bookingid": 83
    },
    {
        "bookingid": 876
    },
    {
        "bookingid": 1405
    },
    {
        "bookingid": 1303
    },
    {
        "bookingid": 1236
    },
    {
        "bookingid": 498
    },
    {
        "bookingid": 1645
    },
    {
        "bookingid": 313
    },
    {
        "bookingid": 1555
    },
    {
        "bookingid": 217
    },
    {
        "bookingid": 153
    },
    {
        "bookingid": 771
    },
    {
        "bookingid": 451
    },
    {
        "bookingid": 1377
    },
    {
        "bookingid": 129
    },
    {
        "bookingid": 1731
    },
    {
        "bookingid": 267
    },
    {
        "bookingid": 31
    },
    {
        "bookingid": 679
    },
    {
        "bookingid": 1221
    },
    {
        "bookingid": 397
    },
    {
        "bookingid": 1251
    },
    {
        "bookingid": 1594
    },
    {
        "bookingid": 1386
    },
    {
        "bookingid": 47
    },
    {
        "bookingid": 81
    },
    {
        "bookingid": 945
    },
    {
        "bookingid": 1116
    },
    {
        "bookingid": 301
    },
    {
        "bookingid": 764
    },
    {
        "bookingid": 1597
    },
    {
        "bookingid": 413
    },
    {
        "bookingid": 405
    },
    {
        "bookingid": 1244
    },
    {
        "bookingid": 309
    },
    {
        "bookingid": 21
    },
    {
        "bookingid": 654
    },
    {
        "bookingid": 418
    },
    {
        "bookingid": 779
    },
    {
        "bookingid": 364
    },
    {
        "bookingid": 448
    },
    {
        "bookingid": 728
    },
    {
        "bookingid": 1335
    },
    {
        "bookingid": 642
    },
    {
        "bookingid": 509
    },
    {
        "bookingid": 1681
    },
    {
        "bookingid": 237
    },
    {
        "bookingid": 177
    },
    {
        "bookingid": 330
    },
    {
        "bookingid": 689
    },
    {
        "bookingid": 1217
    },
    {
        "bookingid": 1676
    },
    {
        "bookingid": 555
    },
    {
        "bookingid": 1104
    },
    {
        "bookingid": 1300
    },
    {
        "bookingid": 986
    },
    {
        "bookingid": 519
    },
    {
        "bookingid": 1563
    },
    {
        "bookingid": 604
    },
    {
        "bookingid": 983
    },
    {
        "bookingid": 737
    },
    {
        "bookingid": 107
    },
    {
        "bookingid": 1216
    },
    {
        "bookingid": 1424
    },
    {
        "bookingid": 664
    },
    {
        "bookingid": 1544
    },
    {
        "bookingid": 225
    },
    {
        "bookingid": 94
    },
    {
        "bookingid": 765
    },
    {
        "bookingid": 1043
    },
    {
        "bookingid": 1711
    },
    {
        "bookingid": 1194
    },
    {
        "bookingid": 630
    },
    {
        "bookingid": 140
    },
    {
        "bookingid": 946
    },
    {
        "bookingid": 1465
    },
    {
        "bookingid": 1666
    },
    {
        "bookingid": 827
    },
    {
        "bookingid": 888
    },
    {
        "bookingid": 38
    },
    {
        "bookingid": 1
    },
    {
        "bookingid": 1396
    },
    {
        "bookingid": 294
    },
    {
        "bookingid": 291
    },
    {
        "bookingid": 506
    },
    {
        "bookingid": 563
    },
    {
        "bookingid": 937
    },
    {
        "bookingid": 668
    },
    {
        "bookingid": 532
    },
    {
        "bookingid": 393
    },
    {
        "bookingid": 485
    },
    {
        "bookingid": 993
    },
    {
        "bookingid": 1685
    },
    {
        "bookingid": 1233
    },
    {
        "bookingid": 2
    },
    {
        "bookingid": 910
    },
    {
        "bookingid": 1239
    },
    {
        "bookingid": 754
    },
    {
        "bookingid": 554
    },
    {
        "bookingid": 1559
    },
    {
        "bookingid": 823
    },
    {
        "bookingid": 17
    },
    {
        "bookingid": 436
    },
    {
        "bookingid": 450
    },
    {
        "bookingid": 238
    },
    {
        "bookingid": 360
    },
    {
        "bookingid": 1628
    },
    {
        "bookingid": 254
    },
    {
        "bookingid": 460
    },
    {
        "bookingid": 616
    },
    {
        "bookingid": 167
    },
    {
        "bookingid": 783
    },
    {
        "bookingid": 319
    },
    {
        "bookingid": 1655
    },
    {
        "bookingid": 1583
    },
    {
        "bookingid": 1753
    },
    {
        "bookingid": 798
    },
    {
        "bookingid": 184
    },
    {
        "bookingid": 1474
    },
    {
        "bookingid": 623
    },
    {
        "bookingid": 1436
    },
    {
        "bookingid": 1036
    },
    {
        "bookingid": 1068
    },
    {
        "bookingid": 740
    },
    {
        "bookingid": 19
    },
    {
        "bookingid": 772
    },
    {
        "bookingid": 459
    },
    {
        "bookingid": 849
    },
    {
        "bookingid": 1019
    },
    {
        "bookingid": 335
    },
    {
        "bookingid": 487
    },
    {
        "bookingid": 799
    },
    {
        "bookingid": 331
    },
    {
        "bookingid": 583
    },
    {
        "bookingid": 1245
    },
    {
        "bookingid": 1220
    },
    {
        "bookingid": 209
    },
    {
        "bookingid": 1604
    },
    {
        "bookingid": 421
    },
    {
        "bookingid": 882
    },
    {
        "bookingid": 1494
    },
    {
        "bookingid": 90
    },
    {
        "bookingid": 84
    },
    {
        "bookingid": 680
    },
    {
        "bookingid": 1321
    },
    {
        "bookingid": 1500
    },
    {
        "bookingid": 1033
    },
    {
        "bookingid": 1298
    },
    {
        "bookingid": 1573
    },
    {
        "bookingid": 1698
    },
    {
        "bookingid": 196
    },
    {
        "bookingid": 1490
    },
    {
        "bookingid": 1262
    },
    {
        "bookingid": 612
    },
    {
        "bookingid": 499
    },
    {
        "bookingid": 877
    },
    {
        "bookingid": 478
    },
    {
        "bookingid": 1564
    },
    {
        "bookingid": 1612
    },
    {
        "bookingid": 1456
    },
    {
        "bookingid": 880
    },
    {
        "bookingid": 1678
    },
    {
        "bookingid": 1411
    },
    {
        "bookingid": 1538
    },
    {
        "bookingid": 541
    },
    {
        "bookingid": 1299
    },
    {
        "bookingid": 1078
    },
    {
        "bookingid": 473
    },
    {
        "bookingid": 239
    },
    {
        "bookingid": 992
    },
    {
        "bookingid": 695
    },
    {
        "bookingid": 931
    },
    {
        "bookingid": 1222
    },
    {
        "bookingid": 890
    },
    {
        "bookingid": 1608
    },
    {
        "bookingid": 1562
    },
    {
        "bookingid": 999
    },
    {
        "bookingid": 1526
    },
    {
        "bookingid": 166
    },
    {
        "bookingid": 1080
    },
    {
        "bookingid": 789
    },
    {
        "bookingid": 1486
    },
    {
        "bookingid": 1412
    },
    {
        "bookingid": 801
    },
    {
        "bookingid": 11
    },
    {
        "bookingid": 1352
    },
    {
        "bookingid": 546
    },
    {
        "bookingid": 1009
    },
    {
        "bookingid": 243
    },
    {
        "bookingid": 1031
    },
    {
        "bookingid": 186
    },
    {
        "bookingid": 1730
    },
    {
        "bookingid": 1272
    },
    {
        "bookingid": 884
    },
    {
        "bookingid": 1264
    },
    {
        "bookingid": 12
    },
    {
        "bookingid": 933
    },
    {
        "bookingid": 1253
    },
    {
        "bookingid": 70
    },
    {
        "bookingid": 110
    },
    {
        "bookingid": 643
    },
    {
        "bookingid": 1100
    },
    {
        "bookingid": 286
    },
    {
        "bookingid": 96
    },
    {
        "bookingid": 1394
    },
    {
        "bookingid": 57
    },
    {
        "bookingid": 1287
    },
    {
        "bookingid": 504
    },
    {
        "bookingid": 562
    },
    {
        "bookingid": 1697
    },
    {
        "bookingid": 119
    },
    {
        "bookingid": 1466
    },
    {
        "bookingid": 1109
    },
    {
        "bookingid": 674
    },
    {
        "bookingid": 257
    },
    {
        "bookingid": 417
    },
    {
        "bookingid": 216
    },
    {
        "bookingid": 501
    },
    {
        "bookingid": 1679
    },
    {
        "bookingid": 725
    },
    {
        "bookingid": 1175
    },
    {
        "bookingid": 279
    },
    {
        "bookingid": 219
    },
    {
        "bookingid": 145
    },
    {
        "bookingid": 1431
    },
    {
        "bookingid": 1304
    },
    {
        "bookingid": 1187
    },
    {
        "bookingid": 1166
    },
    {
        "bookingid": 3
    },
    {
        "bookingid": 432
    },
    {
        "bookingid": 522
    },
    {
        "bookingid": 759
    },
    {
        "bookingid": 1708
    },
    {
        "bookingid": 733
    },
    {
        "bookingid": 1028
    },
    {
        "bookingid": 236
    },
    {
        "bookingid": 74
    },
    {
        "bookingid": 1440
    },
    {
        "bookingid": 1637
    },
    {
        "bookingid": 1333
    },
    {
        "bookingid": 663
    },
    {
        "bookingid": 930
    },
    {
        "bookingid": 156
    },
    {
        "bookingid": 134
    },
    {
        "bookingid": 991
    },
    {
        "bookingid": 1568
    },
    {
        "bookingid": 887
    },
    {
        "bookingid": 1131
    },
    {
        "bookingid": 575
    },
    {
        "bookingid": 1215
    },
    {
        "bookingid": 483
    },
    {
        "bookingid": 347
    },
    {
        "bookingid": 163
    },
    {
        "bookingid": 641
    },
    {
        "bookingid": 1058
    },
    {
        "bookingid": 778
    },
    {
        "bookingid": 832
    },
    {
        "bookingid": 1188
    },
    {
        "bookingid": 710
    },
    {
        "bookingid": 1353
    },
    {
        "bookingid": 53
    },
    {
        "bookingid": 1135
    },
    {
        "bookingid": 180
    },
    {
        "bookingid": 334
    },
    {
        "bookingid": 723
    },
    {
        "bookingid": 1134
    },
    {
        "bookingid": 1250
    },
    {
        "bookingid": 1378
    },
    {
        "bookingid": 1581
    },
    {
        "bookingid": 672
    },
    {
        "bookingid": 1452
    },
    {
        "bookingid": 183
    },
    {
        "bookingid": 366
    },
    {
        "bookingid": 1051
    },
    {
        "bookingid": 899
    },
    {
        "bookingid": 1383
    },
    {
        "bookingid": 41
    },
    {
        "bookingid": 302
    },
    {
        "bookingid": 511
    },
    {
        "bookingid": 406
    },
    {
        "bookingid": 1756
    },
    {
        "bookingid": 1174
    },
    {
        "bookingid": 1616
    },
    {
        "bookingid": 93
    },
    {
        "bookingid": 874
    },
    {
        "bookingid": 1701
    },
    {
        "bookingid": 1619
    },
    {
        "bookingid": 412
    },
    {
        "bookingid": 1074
    },
    {
        "bookingid": 447
    },
    {
        "bookingid": 1485
    },
    {
        "bookingid": 466
    },
    {
        "bookingid": 375
    },
    {
        "bookingid": 120
    },
    {
        "bookingid": 160
    },
    {
        "bookingid": 1145
    },
    {
        "bookingid": 146
    },
    {
        "bookingid": 1204
    },
    {
        "bookingid": 1427
    },
    {
        "bookingid": 4
    },
    {
        "bookingid": 28
    },
    {
        "bookingid": 1489
    },
    {
        "bookingid": 1688
    },
    {
        "bookingid": 1468
    },
    {
        "bookingid": 351
    },
    {
        "bookingid": 33
    },
    {
        "bookingid": 1248
    },
    {
        "bookingid": 1053
    },
    {
        "bookingid": 681
    },
    {
        "bookingid": 768
    },
    {
        "bookingid": 52
    },
    {
        "bookingid": 1113
    },
    {
        "bookingid": 66
    },
    {
        "bookingid": 1086
    },
    {
        "bookingid": 443
    },
    {
        "bookingid": 133
    },
    {
        "bookingid": 150
    },
    {
        "bookingid": 367
    },
    {
        "bookingid": 962
    },
    {
        "bookingid": 984
    },
    {
        "bookingid": 198
    },
    {
        "bookingid": 1265
    },
    {
        "bookingid": 1000
    },
    {
        "bookingid": 357
    },
    {
        "bookingid": 1661
    },
    {
        "bookingid": 1160
    },
    {
        "bookingid": 63
    },
    {
        "bookingid": 1183
    },
    {
        "bookingid": 895
    },
    {
        "bookingid": 138
    },
    {
        "bookingid": 618
    },
    {
        "bookingid": 208
    },
    {
        "bookingid": 760
    },
    {
        "bookingid": 414
    },
    {
        "bookingid": 1375
    },
    {
        "bookingid": 922
    },
    {
        "bookingid": 1415
    },
    {
        "bookingid": 751
    },
    {
        "bookingid": 1641
    },
    {
        "bookingid": 1060
    },
    {
        "bookingid": 977
    },
    {
        "bookingid": 1325
    },
    {
        "bookingid": 1479
    },
    {
        "bookingid": 825
    },
    {
        "bookingid": 1169
    },
    {
        "bookingid": 1197
    },
    {
        "bookingid": 1348
    },
    {
        "bookingid": 9
    },
    {
        "bookingid": 1079
    },
    {
        "bookingid": 796
    },
    {
        "bookingid": 1354
    },
    {
        "bookingid": 851
    },
    {
        "bookingid": 348
    },
    {
        "bookingid": 916
    },
    {
        "bookingid": 868
    },
    {
        "bookingid": 1601
    },
    {
        "bookingid": 204
    },
    {
        "bookingid": 282
    },
    {
        "bookingid": 829
    },
    {
        "bookingid": 811
    },
    {
        "bookingid": 633
    },
    {
        "bookingid": 684
    },
    {
        "bookingid": 1123
    },
    {
        "bookingid": 493
    },
    {
        "bookingid": 660
    },
    {
        "bookingid": 699
    },
    {
        "bookingid": 1549
    },
    {
        "bookingid": 1413
    },
    {
        "bookingid": 1294
    },
    {
        "bookingid": 13
    },
    {
        "bookingid": 1471
    },
    {
        "bookingid": 572
    },
    {
        "bookingid": 494
    },
    {
        "bookingid": 871
    },
    {
        "bookingid": 85
    },
    {
        "bookingid": 860
    },
    {
        "bookingid": 543
    },
    {
        "bookingid": 1075
    },
    {
        "bookingid": 1165
    },
    {
        "bookingid": 130
    },
    {
        "bookingid": 820
    },
    {
        "bookingid": 581
    },
    {
        "bookingid": 1318
    },
    {
        "bookingid": 1137
    },
    {
        "bookingid": 862
    },
    {
        "bookingid": 1172
    },
    {
        "bookingid": 271
    },
    {
        "bookingid": 92
    },
    {
        "bookingid": 650
    },
    {
        "bookingid": 1527
    },
    {
        "bookingid": 315
    },
    {
        "bookingid": 1404
    },
    {
        "bookingid": 1285
    },
    {
        "bookingid": 1639
    },
    {
        "bookingid": 952
    },
    {
        "bookingid": 1114
    },
    {
        "bookingid": 1118
    },
    {
        "bookingid": 1208
    },
    {
        "bookingid": 774
    },
    {
        "bookingid": 867
    },
    {
        "bookingid": 1406
    },
    {
        "bookingid": 400
    },
    {
        "bookingid": 1534
    },
    {
        "bookingid": 1110
    },
    {
        "bookingid": 1719
    },
    {
        "bookingid": 1523
    },
    {
        "bookingid": 793
    },
    {
        "bookingid": 445
    },
    {
        "bookingid": 325
    },
    {
        "bookingid": 324
    },
    {
        "bookingid": 453
    },
    {
        "bookingid": 240
    },
    {
        "bookingid": 1531
    },
    {
        "bookingid": 1403
    },
    {
        "bookingid": 900
    },
    {
        "bookingid": 1039
    },
    {
        "bookingid": 1622
    },
    {
        "bookingid": 131
    },
    {
        "bookingid": 1128
    },
    {
        "bookingid": 114
    },
    {
        "bookingid": 531
    },
    {
        "bookingid": 804
    },
    {
        "bookingid": 1653
    },
    {
        "bookingid": 566
    },
    {
        "bookingid": 1552
    },
    {
        "bookingid": 1382
    },
    {
        "bookingid": 171
    },
    {
        "bookingid": 1591
    },
    {
        "bookingid": 949
    },
    {
        "bookingid": 721
    },
    {
        "bookingid": 1050
    },
    {
        "bookingid": 932
    },
    {
        "bookingid": 230
    },
    {
        "bookingid": 1242
    },
    {
        "bookingid": 716
    },
    {
        "bookingid": 1759
    },
    {
        "bookingid": 661
    },
    {
        "bookingid": 1511
    },
    {
        "bookingid": 715
    },
    {
        "bookingid": 919
    },
    {
        "bookingid": 1722
    },
    {
        "bookingid": 609
    },
    {
        "bookingid": 72
    },
    {
        "bookingid": 118
    },
    {
        "bookingid": 1760
    },
    {
        "bookingid": 647
    },
    {
        "bookingid": 1705
    },
    {
        "bookingid": 1607
    },
    {
        "bookingid": 1393
    },
    {
        "bookingid": 640
    },
    {
        "bookingid": 1683
    },
    {
        "bookingid": 1329
    },
    {
        "bookingid": 1723
    },
    {
        "bookingid": 43
    },
    {
        "bookingid": 979
    },
    {
        "bookingid": 766
    },
    {
        "bookingid": 1546
    },
    {
        "bookingid": 549
    },
    {
        "bookingid": 585
    },
    {
        "bookingid": 1665
    },
    {
        "bookingid": 1267
    },
    {
        "bookingid": 1567
    },
    {
        "bookingid": 795
    },
    {
        "bookingid": 1326
    },
    {
        "bookingid": 1714
    },
    {
        "bookingid": 1725
    },
    {
        "bookingid": 1536
    },
    {
        "bookingid": 904
    },
    {
        "bookingid": 391
    },
    {
        "bookingid": 255
    },
    {
        "bookingid": 288
    },
    {
        "bookingid": 1254
    },
    {
        "bookingid": 1517
    },
    {
        "bookingid": 965
    },
    {
        "bookingid": 1320
    },
    {
        "bookingid": 730
    },
    {
        "bookingid": 1093
    },
    {
        "bookingid": 27
    },
    {
        "bookingid": 787
    },
    {
        "bookingid": 419
    },
    {
        "bookingid": 297
    },
    {
        "bookingid": 644
    },
    {
        "bookingid": 951
    },
    {
        "bookingid": 669
    },
    {
        "bookingid": 1766
    },
    {
        "bookingid": 892
    },
    {
        "bookingid": 947
    },
    {
        "bookingid": 534
    },
    {
        "bookingid": 1675
    },
    {
        "bookingid": 454
    },
    {
        "bookingid": 1658
    },
    {
        "bookingid": 250
    },
    {
        "bookingid": 1090
    },
    {
        "bookingid": 318
    },
    {
        "bookingid": 1426
    },
    {
        "bookingid": 1228
    },
    {
        "bookingid": 1168
    },
    {
        "bookingid": 182
    },
    {
        "bookingid": 22
    },
    {
        "bookingid": 169
    },
    {
        "bookingid": 1430
    },
    {
        "bookingid": 538
    },
    {
        "bookingid": 1493
    },
    {
        "bookingid": 797
    },
    {
        "bookingid": 528
    },
    {
        "bookingid": 861
    },
    {
        "bookingid": 389
    },
    {
        "bookingid": 1186
    },
    {
        "bookingid": 102
    },
    {
        "bookingid": 1611
    },
    {
        "bookingid": 223
    },
    {
        "bookingid": 626
    },
    {
        "bookingid": 190
    },
    {
        "bookingid": 144
    },
    {
        "bookingid": 1399
    },
    {
        "bookingid": 77
    },
    {
        "bookingid": 1528
    },
    {
        "bookingid": 948
    },
    {
        "bookingid": 940
    },
    {
        "bookingid": 345
    },
    {
        "bookingid": 456
    },
    {
        "bookingid": 1720
    },
    {
        "bookingid": 1243
    },
    {
        "bookingid": 748
    },
    {
        "bookingid": 1211
    },
    {
        "bookingid": 746
    },
    {
        "bookingid": 1736
    },
    {
        "bookingid": 848
    },
    {
        "bookingid": 544
    },
    {
        "bookingid": 972
    },
    {
        "bookingid": 1632
    },
    {
        "bookingid": 592
    },
    {
        "bookingid": 1519
    },
    {
        "bookingid": 7
    },
    {
        "bookingid": 1556
    },
    {
        "bookingid": 1541
    },
    {
        "bookingid": 622
    },
    {
        "bookingid": 600
    },
    {
        "bookingid": 147
    },
    {
        "bookingid": 978
    },
    {
        "bookingid": 722
    },
    {
        "bookingid": 776
    },
    {
        "bookingid": 1045
    },
    {
        "bookingid": 1312
    },
    {
        "bookingid": 1191
    },
    {
        "bookingid": 1506
    },
    {
        "bookingid": 896
    },
    {
        "bookingid": 1542
    },
    {
        "bookingid": 1629
    },
    {
        "bookingid": 1602
    },
    {
        "bookingid": 1364
    },
    {
        "bookingid": 755
    },
    {
        "bookingid": 1631
    },
    {
        "bookingid": 67
    },
    {
        "bookingid": 1006
    },
    {
        "bookingid": 1342
    },
    {
        "bookingid": 702
    },
    {
        "bookingid": 553
    },
    {
        "bookingid": 16
    },
    {
        "bookingid": 597
    },
    {
        "bookingid": 1543
    },
    {
        "bookingid": 395
    },
    {
        "bookingid": 104
    },
    {
        "bookingid": 667
    },
    {
        "bookingid": 1345
    },
    {
        "bookingid": 1291
    },
    {
        "bookingid": 363
    },
    {
        "bookingid": 306
    },
    {
        "bookingid": 966
    },
    {
        "bookingid": 691
    },
    {
        "bookingid": 1593
    },
    {
        "bookingid": 1235
    },
    {
        "bookingid": 440
    },
    {
        "bookingid": 369
    },
    {
        "bookingid": 470
    },
    {
        "bookingid": 1146
    },
    {
        "bookingid": 1726
    },
    {
        "bookingid": 200
    },
    {
        "bookingid": 635
    },
    {
        "bookingid": 1229
    },
    {
        "bookingid": 1634
    },
    {
        "bookingid": 1402
    },
    {
        "bookingid": 1319
    },
    {
        "bookingid": 606
    },
    {
        "bookingid": 1499
    },
    {
        "bookingid": 45
    },
    {
        "bookingid": 619
    },
    {
        "bookingid": 700
    },
    {
        "bookingid": 939
    },
    {
        "bookingid": 893
    },
    {
        "bookingid": 524
    },
    {
        "bookingid": 964
    },
    {
        "bookingid": 1103
    },
    {
        "bookingid": 1225
    },
    {
        "bookingid": 639
    },
    {
        "bookingid": 358
    },
    {
        "bookingid": 15
    },
    {
        "bookingid": 1443
    },
    {
        "bookingid": 859
    },
    {
        "bookingid": 1210
    },
    {
        "bookingid": 1477
    },
    {
        "bookingid": 833
    },
    {
        "bookingid": 1595
    },
    {
        "bookingid": 675
    },
    {
        "bookingid": 655
    },
    {
        "bookingid": 1451
    },
    {
        "bookingid": 101
    },
    {
        "bookingid": 126
    },
    {
        "bookingid": 1408
    },
    {
        "bookingid": 1610
    },
    {
        "bookingid": 1293
    },
    {
        "bookingid": 426
    },
    {
        "bookingid": 1397
    },
    {
        "bookingid": 1577
    },
    {
        "bookingid": 35
    },
    {
        "bookingid": 342
    },
    {
        "bookingid": 1574
    },
    {
        "bookingid": 298
    },
    {
        "bookingid": 610
    },
    {
        "bookingid": 821
    },
    {
        "bookingid": 1513
    },
    {
        "bookingid": 508
    },
    {
        "bookingid": 1292
    },
    {
        "bookingid": 61
    },
    {
        "bookingid": 1355
    },
    {
        "bookingid": 790
    },
    {
        "bookingid": 1154
    },
    {
        "bookingid": 1282
    },
    {
        "bookingid": 785
    },
    {
        "bookingid": 64
    },
    {
        "bookingid": 370
    },
    {
        "bookingid": 203
    },
    {
        "bookingid": 1231
    },
    {
        "bookingid": 1692
    },
    {
        "bookingid": 422
    },
    {
        "bookingid": 1522
    },
    {
        "bookingid": 908
    },
    {
        "bookingid": 1438
    },
    {
        "bookingid": 537
    },
    {
        "bookingid": 1743
    },
    {
        "bookingid": 1505
    },
    {
        "bookingid": 141
    },
    {
        "bookingid": 78
    },
    {
        "bookingid": 1164
    },
    {
        "bookingid": 690
    },
    {
        "bookingid": 839
    },
    {
        "bookingid": 489
    },
    {
        "bookingid": 1664
    },
    {
        "bookingid": 980
    },
    {
        "bookingid": 1026
    },
    {
        "bookingid": 1005
    },
    {
        "bookingid": 1749
    },
    {
        "bookingid": 1327
    },
    {
        "bookingid": 1578
    },
    {
        "bookingid": 1368
    },
    {
        "bookingid": 262
    },
    {
        "bookingid": 1057
    },
    {
        "bookingid": 1504
    },
    {
        "bookingid": 211
    },
    {
        "bookingid": 1143
    },
    {
        "bookingid": 1158
    },
    {
        "bookingid": 591
    },
    {
        "bookingid": 805
    },
    {
        "bookingid": 961
    },
    {
        "bookingid": 463
    },
    {
        "bookingid": 1148
    },
    {
        "bookingid": 678
    },
    {
        "bookingid": 1575
    },
    {
        "bookingid": 25
    },
    {
        "bookingid": 1584
    },
    {
        "bookingid": 708
    },
    {
        "bookingid": 1599
    },
    {
        "bookingid": 293
    },
    {
        "bookingid": 108
    },
    {
        "bookingid": 437
    },
    {
        "bookingid": 300
    },
    {
        "bookingid": 988
    },
    {
        "bookingid": 56
    },
    {
        "bookingid": 552
    },
    {
        "bookingid": 1716
    },
    {
        "bookingid": 1227
    },
    {
        "bookingid": 1288
    },
    {
        "bookingid": 1346
    },
    {
        "bookingid": 307
    },
    {
        "bookingid": 1334
    },
    {
        "bookingid": 905
    },
    {
        "bookingid": 997
    },
    {
        "bookingid": 374
    },
    {
        "bookingid": 1139
    },
    {
        "bookingid": 750
    },
    {
        "bookingid": 685
    },
    {
        "bookingid": 1445
    },
    {
        "bookingid": 1649
    },
    {
        "bookingid": 1530
    },
    {
        "bookingid": 71
    },
    {
        "bookingid": 1196
    },
    {
        "bookingid": 341
    },
    {
        "bookingid": 1314
    },
    {
        "bookingid": 409
    },
    {
        "bookingid": 634
    },
    {
        "bookingid": 738
    },
    {
        "bookingid": 1059
    },
    {
        "bookingid": 23
    },
    {
        "bookingid": 545
    },
    {
        "bookingid": 831
    },
    {
        "bookingid": 1384
    },
    {
        "bookingid": 608
    },
    {
        "bookingid": 1121
    },
    {
        "bookingid": 745
    },
    {
        "bookingid": 274
    },
    {
        "bookingid": 1703
    },
    {
        "bookingid": 252
    },
    {
        "bookingid": 308
    },
    {
        "bookingid": 847
    },
    {
        "bookingid": 401
    },
    {
        "bookingid": 1388
    },
    {
        "bookingid": 1365
    },
    {
        "bookingid": 902
    },
    {
        "bookingid": 1351
    },
    {
        "bookingid": 1132
    },
    {
        "bookingid": 32
    },
    {
        "bookingid": 336
    },
    {
        "bookingid": 124
    },
    {
        "bookingid": 1022
    },
    {
        "bookingid": 569
    },
    {
        "bookingid": 320
    },
    {
        "bookingid": 1030
    },
    {
        "bookingid": 627
    },
    {
        "bookingid": 65
    },
    {
        "bookingid": 885
    },
    {
        "bookingid": 387
    },
    {
        "bookingid": 202
    },
    {
        "bookingid": 283
    },
    {
        "bookingid": 327
    },
    {
        "bookingid": 816
    },
    {
        "bookingid": 1150
    },
    {
        "bookingid": 1687
    },
    {
        "bookingid": 115
    },
    {
        "bookingid": 686
    },
    {
        "bookingid": 1072
    },
    {
        "bookingid": 42
    },
    {
        "bookingid": 1363
    },
    {
        "bookingid": 1624
    },
    {
        "bookingid": 1305
    },
    {
        "bookingid": 1347
    },
    {
        "bookingid": 574
    },
    {
        "bookingid": 955
    },
    {
        "bookingid": 692
    },
    {
        "bookingid": 350
    },
    {
        "bookingid": 1507
    },
    {
        "bookingid": 8
    },
    {
        "bookingid": 1207
    },
    {
        "bookingid": 1144
    },
    {
        "bookingid": 1122
    },
    {
        "bookingid": 879
    },
    {
        "bookingid": 59
    },
    {
        "bookingid": 1081
    },
    {
        "bookingid": 1177
    },
    {
        "bookingid": 1647
    },
    {
        "bookingid": 193
    },
    {
        "bookingid": 189
    },
    {
        "bookingid": 1370
    },
    {
        "bookingid": 651
    },
    {
        "bookingid": 826
    },
    {
        "bookingid": 158
    },
    {
        "bookingid": 111
    },
    {
        "bookingid": 1439
    },
    {
        "bookingid": 1442
    },
    {
        "bookingid": 806
    },
    {
        "bookingid": 1764
    },
    {
        "bookingid": 1620
    },
    {
        "bookingid": 1586
    },
    {
        "bookingid": 435
    },
    {
        "bookingid": 1478
    },
    {
        "bookingid": 477
    },
    {
        "bookingid": 510
    },
    {
        "bookingid": 1062
    },
    {
        "bookingid": 502
    },
    {
        "bookingid": 270
    },
    {
        "bookingid": 176
    },
    {
        "bookingid": 109
    },
    {
        "bookingid": 359
    },
    {
        "bookingid": 928
    },
    {
        "bookingid": 471
    },
    {
        "bookingid": 215
    },
    {
        "bookingid": 1461
    },
    {
        "bookingid": 181
    },
    {
        "bookingid": 469
    },
    {
        "bookingid": 1733
    },
    {
        "bookingid": 1258
    },
    {
        "bookingid": 260
    },
    {
        "bookingid": 340
    },
    {
        "bookingid": 1085
    },
    {
        "bookingid": 1213
    },
    {
        "bookingid": 5
    },
    {
        "bookingid": 1652
    },
    {
        "bookingid": 333
    },
    {
        "bookingid": 1700
    },
    {
        "bookingid": 1694
    },
    {
        "bookingid": 210
    },
    {
        "bookingid": 1151
    },
    {
        "bookingid": 105
    },
    {
        "bookingid": 425
    },
    {
        "bookingid": 1027
    },
    {
        "bookingid": 1633
    },
    {
        "bookingid": 507
    },
    {
        "bookingid": 132
    },
    {
        "bookingid": 944
    },
    {
        "bookingid": 44
    },
    {
        "bookingid": 227
    },
    {
        "bookingid": 1087
    },
    {
        "bookingid": 934
    },
    {
        "bookingid": 911
    },
    {
        "bookingid": 1704
    },
    {
        "bookingid": 226
    },
    {
        "bookingid": 970
    },
    {
        "bookingid": 1238
    },
    {
        "bookingid": 339
    },
    {
        "bookingid": 1069
    },
    {
        "bookingid": 1379
    },
    {
        "bookingid": 601
    },
    {
        "bookingid": 863
    },
    {
        "bookingid": 560
    },
    {
        "bookingid": 199
    },
    {
        "bookingid": 496
    },
    {
        "bookingid": 1268
    },
    {
        "bookingid": 773
    },
    {
        "bookingid": 732
    },
    {
        "bookingid": 607
    },
    {
        "bookingid": 321
    },
    {
        "bookingid": 48
    },
    {
        "bookingid": 161
    },
    {
        "bookingid": 179
    },
    {
        "bookingid": 1570
    },
    {
        "bookingid": 385
    },
    {
        "bookingid": 1111
    },
    {
        "bookingid": 1617
    },
    {
        "bookingid": 998
    },
    {
        "bookingid": 814
    },
    {
        "bookingid": 971
    },
    {
        "bookingid": 503
    },
    {
        "bookingid": 958
    },
    {
        "bookingid": 264
    },
    {
        "bookingid": 1459
    },
    {
        "bookingid": 394
    },
    {
        "bookingid": 1260
    },
    {
        "bookingid": 1034
    },
    {
        "bookingid": 1589
    },
    {
        "bookingid": 1094
    },
    {
        "bookingid": 1752
    },
    {
        "bookingid": 914
    },
    {
        "bookingid": 844
    },
    {
        "bookingid": 1429
    },
    {
        "bookingid": 1421
    },
    {
        "bookingid": 441
    },
    {
        "bookingid": 1524
    },
    {
        "bookingid": 1646
    },
    {
        "bookingid": 1286
    },
    {
        "bookingid": 379
    },
    {
        "bookingid": 79
    },
    {
        "bookingid": 346
    },
    {
        "bookingid": 1284
    },
    {
        "bookingid": 490
    },
    {
        "bookingid": 1049
    },
    {
        "bookingid": 87
    },
    {
        "bookingid": 6
    },
    {
        "bookingid": 1309
    },
    {
        "bookingid": 1540
    },
    {
        "bookingid": 1734
    },
    {
        "bookingid": 838
    },
    {
        "bookingid": 1178
    },
    {
        "bookingid": 299
    },
    {
        "bookingid": 75
    },
    {
        "bookingid": 578
    },
    {
        "bookingid": 49
    },
    {
        "bookingid": 272
    },
    {
        "bookingid": 1550
    },
    {
        "bookingid": 1539
    },
    {
        "bookingid": 165
    },
    {
        "bookingid": 246
    },
    {
        "bookingid": 1040
    },
    {
        "bookingid": 1180
    },
    {
        "bookingid": 1269
    },
    {
        "bookingid": 1249
    },
    {
        "bookingid": 1224
    },
    {
        "bookingid": 1761
    },
    {
        "bookingid": 377
    },
    {
        "bookingid": 1048
    },
    {
        "bookingid": 967
    },
    {
        "bookingid": 1691
    },
    {
        "bookingid": 897
    },
    {
        "bookingid": 353
    },
    {
        "bookingid": 352
    },
    {
        "bookingid": 1709
    },
    {
        "bookingid": 14
    },
    {
        "bookingid": 1306
    },
    {
        "bookingid": 1381
    },
    {
        "bookingid": 1084
    },
    {
        "bookingid": 709
    },
    {
        "bookingid": 1510
    },
    {
        "bookingid": 468
    },
    {
        "bookingid": 735
    },
    {
        "bookingid": 390
    },
    {
        "bookingid": 856
    },
    {
        "bookingid": 917
    },
    {
        "bookingid": 1580
    },
    {
        "bookingid": 866
    },
    {
        "bookingid": 649
    },
    {
        "bookingid": 718
    },
    {
        "bookingid": 1625
    },
    {
        "bookingid": 1516
    },
    {
        "bookingid": 1311
    },
    {
        "bookingid": 233
    },
    {
        "bookingid": 1140
    },
    {
        "bookingid": 1475
    },
    {
        "bookingid": 843
    },
    {
        "bookingid": 1484
    },
    {
        "bookingid": 1046
    },
    {
        "bookingid": 1366
    },
    {
        "bookingid": 1024
    },
    {
        "bookingid": 705
    },
    {
        "bookingid": 855
    },
    {
        "bookingid": 526
    },
    {
        "bookingid": 1587
    },
    {
        "bookingid": 1012
    },
    {
        "bookingid": 231
    },
    {
        "bookingid": 157
    },
    {
        "bookingid": 1281
    },
    {
        "bookingid": 461
    },
    {
        "bookingid": 1205
    },
    {
        "bookingid": 1450
    },
    {
        "bookingid": 1750
    },
    {
        "bookingid": 913
    },
    {
        "bookingid": 729
    },
    {
        "bookingid": 1667
    },
    {
        "bookingid": 292
    },
    {
        "bookingid": 1643
    },
    {
        "bookingid": 1491
    },
    {
        "bookingid": 693
    },
    {
        "bookingid": 326
    },
    {
        "bookingid": 430
    },
    {
        "bookingid": 1054
    },
    {
        "bookingid": 1757
    },
    {
        "bookingid": 1713
    },
    {
        "bookingid": 1015
    },
    {
        "bookingid": 717
    },
    {
        "bookingid": 10
    },
    {
        "bookingid": 1483
    },
    {
        "bookingid": 763
    },
    {
        "bookingid": 994
    },
    {
        "bookingid": 407
    },
    {
        "bookingid": 1718
    },
    {
        "bookingid": 1237
    },
    {
        "bookingid": 1518
    },
    {
        "bookingid": 621
    },
    {
        "bookingid": 266
    },
    {
        "bookingid": 152
    },
    {
        "bookingid": 1157
    },
    {
        "bookingid": 29
    },
    {
        "bookingid": 1102
    },
    {
        "bookingid": 1414
    },
    {
        "bookingid": 403
    },
    {
        "bookingid": 1453
    },
    {
        "bookingid": 1369
    },
    {
        "bookingid": 244
    },
    {
        "bookingid": 1115
    },
    {
        "bookingid": 527
    },
    {
        "bookingid": 1727
    },
    {
        "bookingid": 1707
    },
    {
        "bookingid": 921
    },
    {
        "bookingid": 174
    },
    {
        "bookingid": 1738
    },
    {
        "bookingid": 1596
    },
    {
        "bookingid": 1512
    },
    {
        "bookingid": 192
    },
    {
        "bookingid": 1199
    },
    {
        "bookingid": 218
    },
    {
        "bookingid": 1004
    },
    {
        "bookingid": 429
    },
    {
        "bookingid": 1444
    },
    {
        "bookingid": 1535
    },
    {
        "bookingid": 1032
    },
    {
        "bookingid": 474
    },
    {
        "bookingid": 819
    },
    {
        "bookingid": 744
    },
    {
        "bookingid": 594
    },
    {
        "bookingid": 1182
    },
    {
        "bookingid": 1472
    },
    {
        "bookingid": 1020
    },
    {
        "bookingid": 410
    },
    {
        "bookingid": 1739
    },
    {
        "bookingid": 276
    },
    {
        "bookingid": 1361
    },
    {
        "bookingid": 1016
    },
    {
        "bookingid": 1476
    },
    {
        "bookingid": 139
    },
    {
        "bookingid": 1416
    },
    {
        "bookingid": 582
    },
    {
        "bookingid": 285
    },
    {
        "bookingid": 249
    },
    {
        "bookingid": 1400
    },
    {
        "bookingid": 556
    },
    {
        "bookingid": 26
    },
    {
        "bookingid": 1569
    },
    {
        "bookingid": 24
    },
    {
        "bookingid": 568
    },
    {
        "bookingid": 1192
    },
    {
        "bookingid": 1553
    },
    {
        "bookingid": 589
    },
    {
        "bookingid": 942
    },
    {
        "bookingid": 1275
    },
    {
        "bookingid": 314
    },
    {
        "bookingid": 268
    },
    {
        "bookingid": 50
    },
    {
        "bookingid": 593
    },
    {
        "bookingid": 76
    },
    {
        "bookingid": 168
    },
    {
        "bookingid": 812
    },
    {
        "bookingid": 60
    },
    {
        "bookingid": 743
    },
    {
        "bookingid": 1126
    },
    {
        "bookingid": 398
    },
    {
        "bookingid": 125
    },
    {
        "bookingid": 18
    },
    {
        "bookingid": 1674
    },
    {
        "bookingid": 1373
    },
    {
        "bookingid": 195
    },
    {
        "bookingid": 1672
    },
    {
        "bookingid": 588
    },
    {
        "bookingid": 873
    },
    {
        "bookingid": 312
    },
    {
        "bookingid": 808
    },
    {
        "bookingid": 1341
    },
    {
        "bookingid": 598
    },
    {
        "bookingid": 810
    },
    {
        "bookingid": 1561
    },
    {
        "bookingid": 1013
    },
    {
        "bookingid": 694
    },
    {
        "bookingid": 1498
    },
    {
        "bookingid": 1106
    },
    {
        "bookingid": 780
    },
    {
        "bookingid": 577
    },
    {
        "bookingid": 923
    },
    {
        "bookingid": 1376
    },
    {
        "bookingid": 245
    },
    {
        "bookingid": 1623
    },
    {
        "bookingid": 580
    },
    {
        "bookingid": 907
    },
    {
        "bookingid": 55
    },
    {
        "bookingid": 1313
    },
    {
        "bookingid": 384
    },
    {
        "bookingid": 464
    },
    {
        "bookingid": 34
    },
    {
        "bookingid": 1025
    },
    {
        "bookingid": 1754
    },
    {
        "bookingid": 1644
    },
    {
        "bookingid": 438
    },
    {
        "bookingid": 51
    },
    {
        "bookingid": 287
    },
    {
        "bookingid": 864
    },
    {
        "bookingid": 382
    },
    {
        "bookingid": 706
    },
    {
        "bookingid": 1690
    },
    {
        "bookingid": 1448
    },
    {
        "bookingid": 1152
    },
    {
        "bookingid": 1098
    },
    {
        "bookingid": 381
    },
    {
        "bookingid": 1433
    },
    {
        "bookingid": 636
    },
    {
        "bookingid": 88
    },
    {
        "bookingid": 1420
    },
    {
        "bookingid": 512
    },
    {
        "bookingid": 1638
    },
    {
        "bookingid": 857
    },
    {
        "bookingid": 520
    },
    {
        "bookingid": 1614
    },
    {
        "bookingid": 959
    },
    {
        "bookingid": 924
    },
    {
        "bookingid": 724
    },
    {
        "bookingid": 1010
    },
    {
        "bookingid": 656
    },
    {
        "bookingid": 280
    },
    {
        "bookingid": 1270
    },
    {
        "bookingid": 1391
    },
    {
        "bookingid": 484
    },
    {
        "bookingid": 927
    },
    {
        "bookingid": 852
    },
    {
        "bookingid": 1357
    },
    {
        "bookingid": 840
    },
    {
        "bookingid": 1193
    },
    {
        "bookingid": 1360
    },
    {
        "bookingid": 1129
    },
    {
        "bookingid": 151
    },
    {
        "bookingid": 1492
    },
    {
        "bookingid": 1765
    },
    {
        "bookingid": 666
    },
    {
        "bookingid": 1271
    },
    {
        "bookingid": 1138
    },
    {
        "bookingid": 1746
    },
    {
        "bookingid": 1170
    },
    {
        "bookingid": 479
    },
    {
        "bookingid": 1659
    },
    {
        "bookingid": 1073
    },
    {
        "bookingid": 753
    },
    {
        "bookingid": 36
    },
    {
        "bookingid": 1297
    },
    {
        "bookingid": 89
    },
    {
        "bookingid": 792
    },
    {
        "bookingid": 837
    }
]
]]></system-out>
  </testcase>
  <testcase name="GetBookingIds" classname="ApiTest" time="0.984">
    <system-out><![CDATA[[
    {
        "bookingid": 1162
    },
    {
        "bookingid": 431
    },
    {
        "bookingid": 1190
    },
    {
        "bookingid": 518
    },
    {
        "bookingid": 688
    },
    {
        "bookingid": 273
    },
    {
        "bookingid": 1066
    },
    {
        "bookingid": 354
    },
    {
        "bookingid": 491
    },
    {
        "bookingid": 956
    },
    {
        "bookingid": 373
    },
    {
        "bookingid": 1117
    },
    {
        "bookingid": 881
    },
    {
        "bookingid": 1042
    },
    {
        "bookingid": 95
    },
    {
        "bookingid": 40
    },
    {
        "bookingid": 517
    },
    {
        "bookingid": 265
    },
    {
        "bookingid": 1462
    },
    {
        "bookingid": 1155
    },
    {
        "bookingid": 558
    },
    {
        "bookingid": 777
    },
    {
        "bookingid": 673
    },
    {
        "bookingid": 703
    },
    {
        "bookingid": 1065
    },
    {
        "bookingid": 1740
    },
    {
        "bookingid": 1259
    },
    {
        "bookingid": 1310
    },
    {
        "bookingid": 1458
    },
    {
        "bookingid": 1252
    },
    {
        "bookingid": 657
    },
    {
        "bookingid": 214
    },
    {
        "bookingid": 987
    },
    {
        "bookingid": 1670
    },
    {
        "bookingid": 615
    },
    {
        "bookingid": 782
    },
    {
        "bookingid": 1423
    },
    {
        "bookingid": 976
    },
    {
        "bookingid": 1773
    },
    {
        "bookingid": 224
    },
    {
        "bookingid": 424
    },
    {
        "bookingid": 1605
    },
    {
        "bookingid": 1651
    },
    {
        "bookingid": 1682
    },
    {
        "bookingid": 1558
    },
    {
        "bookingid": 380
    },
    {
        "bookingid": 571
    },
    {
        "bookingid": 941
    },
    {
        "bookingid": 835
    },
    {
        "bookingid": 1772
    },
    {
        "bookingid": 1328
    },
    {
        "bookingid": 631
    },
    {
        "bookingid": 1747
    },
    {
        "bookingid": 117
    },
    {
        "bookingid": 756
    },
    {
        "bookingid": 1279
    },
    {
        "bookingid": 455
    },
    {
        "bookingid": 1064
    },
    {
        "bookingid": 481
    },
    {
        "bookingid": 91
    },
    {
        "bookingid": 565
    },
    {
        "bookingid": 1776
    },
    {
        "bookingid": 1097
    },
    {
        "bookingid": 1003
    },
    {
        "bookingid": 1340
    },
    {
        "bookingid": 1662
    },
    {
        "bookingid": 539
    },
    {
        "bookingid": 123
    },
    {
        "bookingid": 762
    },
    {
        "bookingid": 813
    },
    {
        "bookingid": 1273
    },
    {
        "bookingid": 1339
    },
    {
        "bookingid": 1501
    },
    {
        "bookingid": 739
    },
    {
        "bookingid": 599
    },
    {
        "bookingid": 1590
    },
    {
        "bookingid": 605
    },
    {
        "bookingid": 434
    },
    {
        "bookingid": 1732
    },
    {
        "bookingid": 535
    },
    {
        "bookingid": 1014
    },
    {
        "bookingid": 1179
    },
    {
        "bookingid": 1435
    },
    {
        "bookingid": 1650
    },
    {
        "bookingid": 1088
    },
    {
        "bookingid": 845
    },
    {
        "bookingid": 625
    },
    {
        "bookingid": 516
    },
    {
        "bookingid": 1469
    },
    {
        "bookingid": 1390
    },
    {
        "bookingid": 1336
    },
    {
        "bookingid": 547
    },
    {
        "bookingid": 1202
    },
    {
        "bookingid": 258
    },
    {
        "bookingid": 973
    },
    {
        "bookingid": 1101
    },
    {
        "bookingid": 1280
    },
    {
        "bookingid": 1455
    },
    {
        "bookingid": 253
    },
    {
        "bookingid": 1324
    },
    {
        "bookingid": 69
    },
    {
        "bookingid": 1741
    },
    {
        "bookingid": 1460
    },
    {
        "bookingid": 175
    },
    {
        "bookingid": 1198
    },
    {
        "bookingid": 232
    },
    {
        "bookingid": 712
    },
    {
        "bookingid": 1695
    },
    {
        "bookingid": 83
    },
    {
        "bookingid": 876
    },
    {
        "bookingid": 1405
    },
    {
        "bookingid": 1303
    },
    {
        "bookingid": 1236
    },
    {
        "bookingid": 498
    },
    {
        "bookingid": 1645
    },
    {
        "bookingid": 313
    },
    {
        "bookingid": 1555
    },
    {
        "bookingid": 217
    },
    {
        "bookingid": 153
    },
    {
        "bookingid": 771
    },
    {
        "bookingid": 451
    },
    {
        "bookingid": 1377
    },
    {
        "bookingid": 129
    },
    {
        "bookingid": 1731
    },
    {
        "bookingid": 267
    },
    {
        "bookingid": 31
    },
    {
        "bookingid": 679
    },
    {
        "bookingid": 1221
    },
    {
        "bookingid": 397
    },
    {
        "bookingid": 1251
    },
    {
        "bookingid": 1594
    },
    {
        "bookingid": 1386
    },
    {
        "bookingid": 47
    },
    {
        "bookingid": 81
    },
    {
        "bookingid": 945
    },
    {
        "bookingid": 1116
    },
    {
        "bookingid": 301
    },
    {
        "bookingid": 764
    },
    {
        "bookingid": 1597
    },
    {
        "bookingid": 413
    },
    {
        "bookingid": 405
    },
    {
        "bookingid": 1244
    },
    {
        "bookingid": 309
    },
    {
        "bookingid": 21
    },
    {
        "bookingid": 654
    },
    {
        "bookingid": 418
    },
    {
        "bookingid": 779
    },
    {
        "bookingid": 364
    },
    {
        "bookingid": 448
    },
    {
        "bookingid": 728
    },
    {
        "bookingid": 1335
    },
    {
        "bookingid": 642
    },
    {
        "bookingid": 509
    },
    {
        "bookingid": 1681
    },
    {
        "bookingid": 237
    },
    {
        "bookingid": 177
    },
    {
        "bookingid": 330
    },
    {
        "bookingid": 689
    },
    {
        "bookingid": 1217
    },
    {
        "bookingid": 1676
    },
    {
        "bookingid": 555
    },
    {
        "bookingid": 1104
    },
    {
        "bookingid": 1300
    },
    {
        "bookingid": 986
    },
    {
        "bookingid": 519
    },
    {
        "bookingid": 1563
    },
    {
        "bookingid": 604
    },
    {
        "bookingid": 983
    },
    {
        "bookingid": 737
    },
    {
        "bookingid": 107
    },
    {
        "bookingid": 1216
    },
    {
        "bookingid": 1424
    },
    {
        "bookingid": 664
    },
    {
        "bookingid": 1544
    },
    {
        "bookingid": 225
    },
    {
        "bookingid": 94
    },
    {
        "bookingid": 765
    },
    {
        "bookingid": 1043
    },
    {
        "bookingid": 1711
    },
    {
        "bookingid": 1194
    },
    {
        "bookingid": 630
    },
    {
        "bookingid": 140
    },
    {
        "bookingid": 946
    },
    {
        "bookingid": 1465
    },
    {
        "bookingid": 1666
    },
    {
        "bookingid": 827
    },
    {
        "bookingid": 888
    },
    {
        "bookingid": 38
    },
    {
        "bookingid": 1
    },
    {
        "bookingid": 1396
    },
    {
        "bookingid": 294
    },
    {
        "bookingid": 291
    },
    {
        "bookingid": 506
    },
    {
        "bookingid": 563
    },
    {
        "bookingid": 937
    },
    {
        "bookingid": 668
    },
    {
        "bookingid": 532
    },
    {
        "bookingid": 393
    },
    {
        "bookingid": 485
    },
    {
        "bookingid": 993
    },
    {
        "bookingid": 1685
    },
    {
        "bookingid": 1233
    },
    {
        "bookingid": 1770
    },
    {
        "bookingid": 2
    },
    {
        "bookingid": 910
    },
    {
        "bookingid": 1239
    },
    {
        "bookingid": 754
    },
    {
        "bookingid": 554
    },
    {
        "bookingid": 1559
    },
    {
        "bookingid": 823
    },
    {
        "bookingid": 17
    },
    {
        "bookingid": 436
    },
    {
        "bookingid": 450
    },
    {
        "bookingid": 238
    },
    {
        "bookingid": 360
    },
    {
        "bookingid": 1628
    },
    {
        "bookingid": 254
    },
    {
        "bookingid": 460
    },
    {
        "bookingid": 616
    },
    {
        "bookingid": 167
    },
    {
        "bookingid": 783
    },
    {
        "bookingid": 319
    },
    {
        "bookingid": 1655
    },
    {
        "bookingid": 1583
    },
    {
        "bookingid": 1753
    },
    {
        "bookingid": 798
    },
    {
        "bookingid": 184
    },
    {
        "bookingid": 1474
    },
    {
        "bookingid": 623
    },
    {
        "bookingid": 1436
    },
    {
        "bookingid": 1036
    },
    {
        "bookingid": 1068
    },
    {
        "bookingid": 740
    },
    {
        "bookingid": 19
    },
    {
        "bookingid": 772
    },
    {
        "bookingid": 459
    },
    {
        "bookingid": 849
    },
    {
        "bookingid": 1019
    },
    {
        "bookingid": 335
    },
    {
        "bookingid": 487
    },
    {
        "bookingid": 799
    },
    {
        "bookingid": 331
    },
    {
        "bookingid": 583
    },
    {
        "bookingid": 1245
    },
    {
        "bookingid": 1220
    },
    {
        "bookingid": 209
    },
    {
        "bookingid": 1604
    },
    {
        "bookingid": 421
    },
    {
        "bookingid": 882
    },
    {
        "bookingid": 1494
    },
    {
        "bookingid": 90
    },
    {
        "bookingid": 84
    },
    {
        "bookingid": 680
    },
    {
        "bookingid": 1321
    },
    {
        "bookingid": 1500
    },
    {
        "bookingid": 1033
    },
    {
        "bookingid": 1298
    },
    {
        "bookingid": 1573
    },
    {
        "bookingid": 1698
    },
    {
        "bookingid": 196
    },
    {
        "bookingid": 1490
    },
    {
        "bookingid": 1262
    },
    {
        "bookingid": 612
    },
    {
        "bookingid": 499
    },
    {
        "bookingid": 877
    },
    {
        "bookingid": 478
    },
    {
        "bookingid": 1564
    },
    {
        "bookingid": 1612
    },
    {
        "bookingid": 1456
    },
    {
        "bookingid": 880
    },
    {
        "bookingid": 1678
    },
    {
        "bookingid": 1411
    },
    {
        "bookingid": 1538
    },
    {
        "bookingid": 541
    },
    {
        "bookingid": 1299
    },
    {
        "bookingid": 1078
    },
    {
        "bookingid": 473
    },
    {
        "bookingid": 239
    },
    {
        "bookingid": 992
    },
    {
        "bookingid": 695
    },
    {
        "bookingid": 931
    },
    {
        "bookingid": 1222
    },
    {
        "bookingid": 890
    },
    {
        "bookingid": 1608
    },
    {
        "bookingid": 1562
    },
    {
        "bookingid": 999
    },
    {
        "bookingid": 1526
    },
    {
        "bookingid": 166
    },
    {
        "bookingid": 1080
    },
    {
        "bookingid": 789
    },
    {
        "bookingid": 1486
    },
    {
        "bookingid": 1412
    },
    {
        "bookingid": 801
    },
    {
        "bookingid": 11
    },
    {
        "bookingid": 1352
    },
    {
        "bookingid": 546
    },
    {
        "bookingid": 1009
    },
    {
        "bookingid": 243
    },
    {
        "bookingid": 1031
    },
    {
        "bookingid": 186
    },
    {
        "bookingid": 1730
    },
    {
        "bookingid": 1272
    },
    {
        "bookingid": 884
    },
    {
        "bookingid": 1264
    },
    {
        "bookingid": 12
    },
    {
        "bookingid": 933
    },
    {
        "bookingid": 1253
    },
    {
        "bookingid": 70
    },
    {
        "bookingid": 110
    },
    {
        "bookingid": 643
    },
    {
        "bookingid": 1100
    },
    {
        "bookingid": 286
    },
    {
        "bookingid": 96
    },
    {
        "bookingid": 1394
    },
    {
        "bookingid": 57
    },
    {
        "bookingid": 1287
    },
    {
        "bookingid": 504
    },
    {
        "bookingid": 562
    },
    {
        "bookingid": 1697
    },
    {
        "bookingid": 119
    },
    {
        "bookingid": 1466
    },
    {
        "bookingid": 1109
    },
    {
        "bookingid": 674
    },
    {
        "bookingid": 257
    },
    {
        "bookingid": 417
    },
    {
        "bookingid": 216
    },
    {
        "bookingid": 501
    },
    {
        "bookingid": 1679
    },
    {
        "bookingid": 725
    },
    {
        "bookingid": 1175
    },
    {
        "bookingid": 279
    },
    {
        "bookingid": 219
    },
    {
        "bookingid": 145
    },
    {
        "bookingid": 1431
    },
    {
        "bookingid": 1304
    },
    {
        "bookingid": 1187
    },
    {
        "bookingid": 1166
    },
    {
        "bookingid": 3
    },
    {
        "bookingid": 432
    },
    {
        "bookingid": 522
    },
    {
        "bookingid": 759
    },
    {
        "bookingid": 1708
    },
    {
        "bookingid": 733
    },
    {
        "bookingid": 1028
    },
    {
        "bookingid": 236
    },
    {
        "bookingid": 74
    },
    {
        "bookingid": 1440
    },
    {
        "bookingid": 1637
    },
    {
        "bookingid": 1333
    },
    {
        "bookingid": 663
    },
    {
        "bookingid": 930
    },
    {
        "bookingid": 156
    },
    {
        "bookingid": 134
    },
    {
        "bookingid": 991
    },
    {
        "bookingid": 1568
    },
    {
        "bookingid": 887
    },
    {
        "bookingid": 1131
    },
    {
        "bookingid": 575
    },
    {
        "bookingid": 1215
    },
    {
        "bookingid": 483
    },
    {
        "bookingid": 347
    },
    {
        "bookingid": 163
    },
    {
        "bookingid": 641
    },
    {
        "bookingid": 1058
    },
    {
        "bookingid": 778
    },
    {
        "bookingid": 832
    },
    {
        "bookingid": 1188
    },
    {
        "bookingid": 710
    },
    {
        "bookingid": 1353
    },
    {
        "bookingid": 53
    },
    {
        "bookingid": 1135
    },
    {
        "bookingid": 180
    },
    {
        "bookingid": 334
    },
    {
        "bookingid": 723
    },
    {
        "bookingid": 1134
    },
    {
        "bookingid": 1250
    },
    {
        "bookingid": 1378
    },
    {
        "bookingid": 1581
    },
    {
        "bookingid": 672
    },
    {
        "bookingid": 1452
    },
    {
        "bookingid": 183
    },
    {
        "bookingid": 366
    },
    {
        "bookingid": 1051
    },
    {
        "bookingid": 899
    },
    {
        "bookingid": 1383
    },
    {
        "bookingid": 41
    },
    {
        "bookingid": 302
    },
    {
        "bookingid": 511
    },
    {
        "bookingid": 406
    },
    {
        "bookingid": 1756
    },
    {
        "bookingid": 1174
    },
    {
        "bookingid": 1616
    },
    {
        "bookingid": 93
    },
    {
        "bookingid": 874
    },
    {
        "bookingid": 1701
    },
    {
        "bookingid": 1619
    },
    {
        "bookingid": 412
    },
    {
        "bookingid": 1074
    },
    {
        "bookingid": 447
    },
    {
        "bookingid": 1485
    },
    {
        "bookingid": 466
    },
    {
        "bookingid": 375
    },
    {
        "bookingid": 120
    },
    {
        "bookingid": 160
    },
    {
        "bookingid": 1145
    },
    {
        "bookingid": 146
    },
    {
        "bookingid": 1204
    },
    {
        "bookingid": 1427
    },
    {
        "bookingid": 4
    },
    {
        "bookingid": 28
    },
    {
        "bookingid": 1489
    },
    {
        "bookingid": 1688
    },
    {
        "bookingid": 1468
    },
    {
        "bookingid": 351
    },
    {
        "bookingid": 33
    },
    {
        "bookingid": 1248
    },
    {
        "bookingid": 1053
    },
    {
        "bookingid": 681
    },
    {
        "bookingid": 768
    },
    {
        "bookingid": 52
    },
    {
        "bookingid": 1113
    },
    {
        "bookingid": 66
    },
    {
        "bookingid": 1086
    },
    {
        "bookingid": 443
    },
    {
        "bookingid": 133
    },
    {
        "bookingid": 150
    },
    {
        "bookingid": 367
    },
    {
        "bookingid": 962
    },
    {
        "bookingid": 984
    },
    {
        "bookingid": 198
    },
    {
        "bookingid": 1265
    },
    {
        "bookingid": 1000
    },
    {
        "bookingid": 357
    },
    {
        "bookingid": 1661
    },
    {
        "bookingid": 1160
    },
    {
        "bookingid": 63
    },
    {
        "bookingid": 1183
    },
    {
        "bookingid": 895
    },
    {
        "bookingid": 138
    },
    {
        "bookingid": 618
    },
    {
        "bookingid": 208
    },
    {
        "bookingid": 760
    },
    {
        "bookingid": 414
    },
    {
        "bookingid": 1375
    },
    {
        "bookingid": 922
    },
    {
        "bookingid": 1415
    },
    {
        "bookingid": 751
    },
    {
        "bookingid": 1641
    },
    {
        "bookingid": 1060
    },
    {
        "bookingid": 977
    },
    {
        "bookingid": 1325
    },
    {
        "bookingid": 1479
    },
    {
        "bookingid": 825
    },
    {
        "bookingid": 1169
    },
    {
        "bookingid": 1197
    },
    {
        "bookingid": 1348
    },
    {
        "bookingid": 9
    },
    {
        "bookingid": 1079
    },
    {
        "bookingid": 796
    },
    {
        "bookingid": 1354
    },
    {
        "bookingid": 851
    },
    {
        "bookingid": 348
    },
    {
        "bookingid": 916
    },
    {
        "bookingid": 868
    },
    {
        "bookingid": 1601
    },
    {
        "bookingid": 204
    },
    {
        "bookingid": 282
    },
    {
        "bookingid": 829
    },
    {
        "bookingid": 811
    },
    {
        "bookingid": 633
    },
    {
        "bookingid": 684
    },
    {
        "bookingid": 1123
    },
    {
        "bookingid": 493
    },
    {
        "bookingid": 660
    },
    {
        "bookingid": 699
    },
    {
        "bookingid": 1549
    },
    {
        "bookingid": 1413
    },
    {
        "bookingid": 1294
    },
    {
        "bookingid": 13
    },
    {
        "bookingid": 1471
    },
    {
        "bookingid": 572
    },
    {
        "bookingid": 494
    },
    {
        "bookingid": 871
    },
    {
        "bookingid": 85
    },
    {
        "bookingid": 860
    },
    {
        "bookingid": 543
    },
    {
        "bookingid": 1075
    },
    {
        "bookingid": 1165
    },
    {
        "bookingid": 130
    },
    {
        "bookingid": 820
    },
    {
        "bookingid": 581
    },
    {
        "bookingid": 1318
    },
    {
        "bookingid": 1137
    },
    {
        "bookingid": 862
    },
    {
        "bookingid": 1172
    },
    {
        "bookingid": 271
    },
    {
        "bookingid": 92
    },
    {
        "bookingid": 650
    },
    {
        "bookingid": 1527
    },
    {
        "bookingid": 315
    },
    {
        "bookingid": 1404
    },
    {
        "bookingid": 1285
    },
    {
        "bookingid": 1639
    },
    {
        "bookingid": 952
    },
    {
        "bookingid": 1114
    },
    {
        "bookingid": 1118
    },
    {
        "bookingid": 1208
    },
    {
        "bookingid": 774
    },
    {
        "bookingid": 867
    },
    {
        "bookingid": 1406
    },
    {
        "bookingid": 400
    },
    {
        "bookingid": 1534
    },
    {
        "bookingid": 1110
    },
    {
        "bookingid": 1719
    },
    {
        "bookingid": 1523
    },
    {
        "bookingid": 793
    },
    {
        "bookingid": 445
    },
    {
        "bookingid": 325
    },
    {
        "bookingid": 324
    },
    {
        "bookingid": 453
    },
    {
        "bookingid": 240
    },
    {
        "bookingid": 1531
    },
    {
        "bookingid": 1403
    },
    {
        "bookingid": 900
    },
    {
        "bookingid": 1039
    },
    {
        "bookingid": 1622
    },
    {
        "bookingid": 131
    },
    {
        "bookingid": 1128
    },
    {
        "bookingid": 114
    },
    {
        "bookingid": 531
    },
    {
        "bookingid": 804
    },
    {
        "bookingid": 1653
    },
    {
        "bookingid": 566
    },
    {
        "bookingid": 1552
    },
    {
        "bookingid": 1382
    },
    {
        "bookingid": 171
    },
    {
        "bookingid": 1591
    },
    {
        "bookingid": 949
    },
    {
        "bookingid": 721
    },
    {
        "bookingid": 1050
    },
    {
        "bookingid": 932
    },
    {
        "bookingid": 230
    },
    {
        "bookingid": 1242
    },
    {
        "bookingid": 716
    },
    {
        "bookingid": 1759
    },
    {
        "bookingid": 661
    },
    {
        "bookingid": 1511
    },
    {
        "bookingid": 715
    },
    {
        "bookingid": 919
    },
    {
        "bookingid": 1722
    },
    {
        "bookingid": 609
    },
    {
        "bookingid": 72
    },
    {
        "bookingid": 118
    },
    {
        "bookingid": 1760
    },
    {
        "bookingid": 647
    },
    {
        "bookingid": 1705
    },
    {
        "bookingid": 1607
    },
    {
        "bookingid": 1393
    },
    {
        "bookingid": 640
    },
    {
        "bookingid": 1683
    },
    {
        "bookingid": 1329
    },
    {
        "bookingid": 1767
    },
    {
        "bookingid": 1723
    },
    {
        "bookingid": 43
    },
    {
        "bookingid": 979
    },
    {
        "bookingid": 766
    },
    {
        "bookingid": 1546
    },
    {
        "bookingid": 549
    },
    {
        "bookingid": 585
    },
    {
        "bookingid": 1665
    },
    {
        "bookingid": 1267
    },
    {
        "bookingid": 1567
    },
    {
        "bookingid": 795
    },
    {
        "bookingid": 1326
    },
    {
        "bookingid": 1714
    },
    {
        "bookingid": 1725
    },
    {
        "bookingid": 1536
    },
    {
        "bookingid": 904
    },
    {
        "bookingid": 391
    },
    {
        "bookingid": 255
    },
    {
        "bookingid": 288
    },
    {
        "bookingid": 1254
    },
    {
        "bookingid": 1517
    },
    {
        "bookingid": 965
    },
    {
        "bookingid": 1320
    },
    {
        "bookingid": 730
    },
    {
        "bookingid": 1093
    },
    {
        "bookingid": 27
    },
    {
        "bookingid": 787
    },
    {
        "bookingid": 419
    },
    {
        "bookingid": 297
    },
    {
        "bookingid": 644
    },
    {
        "bookingid": 951
    },
    {
        "bookingid": 669
    },
    {
        "bookingid": 1766
    },
    {
        "bookingid": 892
    },
    {
        "bookingid": 947
    },
    {
        "bookingid": 534
    },
    {
        "bookingid": 1675
    },
    {
        "bookingid": 454
    },
    {
        "bookingid": 1658
    },
    {
        "bookingid": 250
    },
    {
        "bookingid": 1090
    },
    {
        "bookingid": 318
    },
    {
        "bookingid": 1426
    },
    {
        "bookingid": 1228
    },
    {
        "bookingid": 1168
    },
    {
        "bookingid": 182
    },
    {
        "bookingid": 22
    },
    {
        "bookingid": 169
    },
    {
        "bookingid": 1430
    },
    {
        "bookingid": 538
    },
    {
        "bookingid": 1493
    },
    {
        "bookingid": 797
    },
    {
        "bookingid": 528
    },
    {
        "bookingid": 861
    },
    {
        "bookingid": 389
    },
    {
        "bookingid": 1186
    },
    {
        "bookingid": 102
    },
    {
        "bookingid": 1611
    },
    {
        "bookingid": 223
    },
    {
        "bookingid": 626
    },
    {
        "bookingid": 190
    },
    {
        "bookingid": 144
    },
    {
        "bookingid": 1399
    },
    {
        "bookingid": 77
    },
    {
        "bookingid": 1528
    },
    {
        "bookingid": 948
    },
    {
        "bookingid": 940
    },
    {
        "bookingid": 345
    },
    {
        "bookingid": 456
    },
    {
        "bookingid": 1720
    },
    {
        "bookingid": 1243
    },
    {
        "bookingid": 748
    },
    {
        "bookingid": 1211
    },
    {
        "bookingid": 746
    },
    {
        "bookingid": 1736
    },
    {
        "bookingid": 848
    },
    {
        "bookingid": 544
    },
    {
        "bookingid": 972
    },
    {
        "bookingid": 1632
    },
    {
        "bookingid": 592
    },
    {
        "bookingid": 1519
    },
    {
        "bookingid": 7
    },
    {
        "bookingid": 1556
    },
    {
        "bookingid": 1541
    },
    {
        "bookingid": 622
    },
    {
        "bookingid": 600
    },
    {
        "bookingid": 147
    },
    {
        "bookingid": 978
    },
    {
        "bookingid": 722
    },
    {
        "bookingid": 776
    },
    {
        "bookingid": 1045
    },
    {
        "bookingid": 1312
    },
    {
        "bookingid": 1191
    },
    {
        "bookingid": 1506
    },
    {
        "bookingid": 896
    },
    {
        "bookingid": 1542
    },
    {
        "bookingid": 1629
    },
    {
        "bookingid": 1602
    },
    {
        "bookingid": 1364
    },
    {
        "bookingid": 755
    },
    {
        "bookingid": 1631
    },
    {
        "bookingid": 67
    },
    {
        "bookingid": 1006
    },
    {
        "bookingid": 1342
    },
    {
        "bookingid": 702
    },
    {
        "bookingid": 553
    },
    {
        "bookingid": 16
    },
    {
        "bookingid": 597
    },
    {
        "bookingid": 1543
    },
    {
        "bookingid": 395
    },
    {
        "bookingid": 104
    },
    {
        "bookingid": 667
    },
    {
        "bookingid": 1345
    },
    {
        "bookingid": 1291
    },
    {
        "bookingid": 363
    },
    {
        "bookingid": 306
    },
    {
        "bookingid": 966
    },
    {
        "bookingid": 691
    },
    {
        "bookingid": 1593
    },
    {
        "bookingid": 1235
    },
    {
        "bookingid": 440
    },
    {
        "bookingid": 369
    },
    {
        "bookingid": 470
    },
    {
        "bookingid": 1146
    },
    {
        "bookingid": 1726
    },
    {
        "bookingid": 200
    },
    {
        "bookingid": 635
    },
    {
        "bookingid": 1229
    },
    {
        "bookingid": 1634
    },
    {
        "bookingid": 1402
    },
    {
        "bookingid": 1319
    },
    {
        "bookingid": 1771
    },
    {
        "bookingid": 606
    },
    {
        "bookingid": 1499
    },
    {
        "bookingid": 45
    },
    {
        "bookingid": 619
    },
    {
        "bookingid": 700
    },
    {
        "bookingid": 939
    },
    {
        "bookingid": 893
    },
    {
        "bookingid": 524
    },
    {
        "bookingid": 964
    },
    {
        "bookingid": 1103
    },
    {
        "bookingid": 1225
    },
    {
        "bookingid": 639
    },
    {
        "bookingid": 358
    },
    {
        "bookingid": 15
    },
    {
        "bookingid": 1443
    },
    {
        "bookingid": 859
    },
    {
        "bookingid": 1210
    },
    {
        "bookingid": 1477
    },
    {
        "bookingid": 833
    },
    {
        "bookingid": 1595
    },
    {
        "bookingid": 675
    },
    {
        "bookingid": 655
    },
    {
        "bookingid": 1451
    },
    {
        "bookingid": 101
    },
    {
        "bookingid": 126
    },
    {
        "bookingid": 1408
    },
    {
        "bookingid": 1610
    },
    {
        "bookingid": 1293
    },
    {
        "bookingid": 426
    },
    {
        "bookingid": 1397
    },
    {
        "bookingid": 1577
    },
    {
        "bookingid": 35
    },
    {
        "bookingid": 342
    },
    {
        "bookingid": 1574
    },
    {
        "bookingid": 298
    },
    {
        "bookingid": 610
    },
    {
        "bookingid": 821
    },
    {
        "bookingid": 1513
    },
    {
        "bookingid": 508
    },
    {
        "bookingid": 1292
    },
    {
        "bookingid": 61
    },
    {
        "bookingid": 1355
    },
    {
        "bookingid": 790
    },
    {
        "bookingid": 1154
    },
    {
        "bookingid": 1282
    },
    {
        "bookingid": 785
    },
    {
        "bookingid": 64
    },
    {
        "bookingid": 370
    },
    {
        "bookingid": 203
    },
    {
        "bookingid": 1231
    },
    {
        "bookingid": 1692
    },
    {
        "bookingid": 422
    },
    {
        "bookingid": 1522
    },
    {
        "bookingid": 908
    },
    {
        "bookingid": 1438
    },
    {
        "bookingid": 537
    },
    {
        "bookingid": 1743
    },
    {
        "bookingid": 1505
    },
    {
        "bookingid": 141
    },
    {
        "bookingid": 78
    },
    {
        "bookingid": 1164
    },
    {
        "bookingid": 690
    },
    {
        "bookingid": 839
    },
    {
        "bookingid": 489
    },
    {
        "bookingid": 1664
    },
    {
        "bookingid": 980
    },
    {
        "bookingid": 1026
    },
    {
        "bookingid": 1005
    },
    {
        "bookingid": 1749
    },
    {
        "bookingid": 1327
    },
    {
        "bookingid": 1578
    },
    {
        "bookingid": 1368
    },
    {
        "bookingid": 262
    },
    {
        "bookingid": 1057
    },
    {
        "bookingid": 1504
    },
    {
        "bookingid": 211
    },
    {
        "bookingid": 1143
    },
    {
        "bookingid": 1158
    },
    {
        "bookingid": 591
    },
    {
        "bookingid": 805
    },
    {
        "bookingid": 961
    },
    {
        "bookingid": 463
    },
    {
        "bookingid": 1148
    },
    {
        "bookingid": 678
    },
    {
        "bookingid": 1575
    },
    {
        "bookingid": 25
    },
    {
        "bookingid": 1584
    },
    {
        "bookingid": 708
    },
    {
        "bookingid": 1599
    },
    {
        "bookingid": 293
    },
    {
        "bookingid": 108
    },
    {
        "bookingid": 437
    },
    {
        "bookingid": 300
    },
    {
        "bookingid": 988
    },
    {
        "bookingid": 56
    },
    {
        "bookingid": 552
    },
    {
        "bookingid": 1716
    },
    {
        "bookingid": 1227
    },
    {
        "bookingid": 1288
    },
    {
        "bookingid": 1346
    },
    {
        "bookingid": 307
    },
    {
        "bookingid": 1334
    },
    {
        "bookingid": 905
    },
    {
        "bookingid": 997
    },
    {
        "bookingid": 374
    },
    {
        "bookingid": 1139
    },
    {
        "bookingid": 750
    },
    {
        "bookingid": 685
    },
    {
        "bookingid": 1445
    },
    {
        "bookingid": 1649
    },
    {
        "bookingid": 1530
    },
    {
        "bookingid": 71
    },
    {
        "bookingid": 1196
    },
    {
        "bookingid": 341
    },
    {
        "bookingid": 1314
    },
    {
        "bookingid": 409
    },
    {
        "bookingid": 634
    },
    {
        "bookingid": 738
    },
    {
        "bookingid": 1059
    },
    {
        "bookingid": 23
    },
    {
        "bookingid": 545
    },
    {
        "bookingid": 831
    },
    {
        "bookingid": 1384
    },
    {
        "bookingid": 608
    },
    {
        "bookingid": 1121
    },
    {
        "bookingid": 745
    },
    {
        "bookingid": 274
    },
    {
        "bookingid": 1703
    },
    {
        "bookingid": 252
    },
    {
        "bookingid": 308
    },
    {
        "bookingid": 847
    },
    {
        "bookingid": 401
    },
    {
        "bookingid": 1388
    },
    {
        "bookingid": 1365
    },
    {
        "bookingid": 902
    },
    {
        "bookingid": 1351
    },
    {
        "bookingid": 1132
    },
    {
        "bookingid": 32
    },
    {
        "bookingid": 336
    },
    {
        "bookingid": 124
    },
    {
        "bookingid": 1022
    },
    {
        "bookingid": 569
    },
    {
        "bookingid": 320
    },
    {
        "bookingid": 1030
    },
    {
        "bookingid": 627
    },
    {
        "bookingid": 65
    },
    {
        "bookingid": 885
    },
    {
        "bookingid": 387
    },
    {
        "bookingid": 202
    },
    {
        "bookingid": 283
    },
    {
        "bookingid": 327
    },
    {
        "bookingid": 816
    },
    {
        "bookingid": 1150
    },
    {
        "bookingid": 1687
    },
    {
        "bookingid": 115
    },
    {
        "bookingid": 686
    },
    {
        "bookingid": 1072
    },
    {
        "bookingid": 42
    },
    {
        "bookingid": 1363
    },
    {
        "bookingid": 1624
    },
    {
        "bookingid": 1305
    },
    {
        "bookingid": 1347
    },
    {
        "bookingid": 574
    },
    {
        "bookingid": 955
    },
    {
        "bookingid": 692
    },
    {
        "bookingid": 350
    },
    {
        "bookingid": 1507
    },
    {
        "bookingid": 8
    },
    {
        "bookingid": 1207
    },
    {
        "bookingid": 1144
    },
    {
        "bookingid": 1122
    },
    {
        "bookingid": 879
    },
    {
        "bookingid": 59
    },
    {
        "bookingid": 1081
    },
    {
        "bookingid": 1177
    },
    {
        "bookingid": 1647
    },
    {
        "bookingid": 193
    },
    {
        "bookingid": 189
    },
    {
        "bookingid": 1370
    },
    {
        "bookingid": 651
    },
    {
        "bookingid": 826
    },
    {
        "bookingid": 158
    },
    {
        "bookingid": 111
    },
    {
        "bookingid": 1439
    },
    {
        "bookingid": 1442
    },
    {
        "bookingid": 806
    },
    {
        "bookingid": 1764
    },
    {
        "bookingid": 1620
    },
    {
        "bookingid": 1586
    },
    {
        "bookingid": 435
    },
    {
        "bookingid": 1478
    },
    {
        "bookingid": 477
    },
    {
        "bookingid": 510
    },
    {
        "bookingid": 1062
    },
    {
        "bookingid": 502
    },
    {
        "bookingid": 270
    },
    {
        "bookingid": 176
    },
    {
        "bookingid": 109
    },
    {
        "bookingid": 359
    },
    {
        "bookingid": 928
    },
    {
        "bookingid": 471
    },
    {
        "bookingid": 215
    },
    {
        "bookingid": 1461
    },
    {
        "bookingid": 181
    },
    {
        "bookingid": 469
    },
    {
        "bookingid": 1733
    },
    {
        "bookingid": 1258
    },
    {
        "bookingid": 260
    },
    {
        "bookingid": 340
    },
    {
        "bookingid": 1085
    },
    {
        "bookingid": 1213
    },
    {
        "bookingid": 5
    },
    {
        "bookingid": 1652
    },
    {
        "bookingid": 333
    },
    {
        "bookingid": 1700
    },
    {
        "bookingid": 1694
    },
    {
        "bookingid": 210
    },
    {
        "bookingid": 1151
    },
    {
        "bookingid": 105
    },
    {
        "bookingid": 425
    },
    {
        "bookingid": 1027
    },
    {
        "bookingid": 1633
    },
    {
        "bookingid": 507
    },
    {
        "bookingid": 132
    },
    {
        "bookingid": 944
    },
    {
        "bookingid": 44
    },
    {
        "bookingid": 227
    },
    {
        "bookingid": 1087
    },
    {
        "bookingid": 934
    },
    {
        "bookingid": 911
    },
    {
        "bookingid": 1704
    },
    {
        "bookingid": 226
    },
    {
        "bookingid": 970
    },
    {
        "bookingid": 1238
    },
    {
        "bookingid": 339
    },
    {
        "bookingid": 1069
    },
    {
        "bookingid": 1379
    },
    {
        "bookingid": 601
    },
    {
        "bookingid": 863
    },
    {
        "bookingid": 560
    },
    {
        "bookingid": 199
    },
    {
        "bookingid": 496
    },
    {
        "bookingid": 1268
    },
    {
        "bookingid": 773
    },
    {
        "bookingid": 732
    },
    {
        "bookingid": 607
    },
    {
        "bookingid": 321
    },
    {
        "bookingid": 48
    },
    {
        "bookingid": 161
    },
    {
        "bookingid": 179
    },
    {
        "bookingid": 1570
    },
    {
        "bookingid": 385
    },
    {
        "bookingid": 1111
    },
    {
        "bookingid": 1617
    },
    {
        "bookingid": 998
    },
    {
        "bookingid": 814
    },
    {
        "bookingid": 971
    },
    {
        "bookingid": 503
    },
    {
        "bookingid": 958
    },
    {
        "bookingid": 264
    },
    {
        "bookingid": 1459
    },
    {
        "bookingid": 394
    },
    {
        "bookingid": 1260
    },
    {
        "bookingid": 1034
    },
    {
        "bookingid": 1589
    },
    {
        "bookingid": 1094
    },
    {
        "bookingid": 1752
    },
    {
        "bookingid": 914
    },
    {
        "bookingid": 844
    },
    {
        "bookingid": 1429
    },
    {
        "bookingid": 1421
    },
    {
        "bookingid": 441
    },
    {
        "bookingid": 1524
    },
    {
        "bookingid": 1646
    },
    {
        "bookingid": 1286
    },
    {
        "bookingid": 379
    },
    {
        "bookingid": 79
    },
    {
        "bookingid": 346
    },
    {
        "bookingid": 1284
    },
    {
        "bookingid": 490
    },
    {
        "bookingid": 1049
    },
    {
        "bookingid": 87
    },
    {
        "bookingid": 6
    },
    {
        "bookingid": 1309
    },
    {
        "bookingid": 1540
    },
    {
        "bookingid": 1734
    },
    {
        "bookingid": 838
    },
    {
        "bookingid": 1178
    },
    {
        "bookingid": 299
    },
    {
        "bookingid": 75
    },
    {
        "bookingid": 578
    },
    {
        "bookingid": 49
    },
    {
        "bookingid": 272
    },
    {
        "bookingid": 1550
    },
    {
        "bookingid": 1539
    },
    {
        "bookingid": 165
    },
    {
        "bookingid": 246
    },
    {
        "bookingid": 1040
    },
    {
        "bookingid": 1180
    },
    {
        "bookingid": 1269
    },
    {
        "bookingid": 1249
    },
    {
        "bookingid": 1224
    },
    {
        "bookingid": 1761
    },
    {
        "bookingid": 377
    },
    {
        "bookingid": 1048
    },
    {
        "bookingid": 967
    },
    {
        "bookingid": 1691
    },
    {
        "bookingid": 897
    },
    {
        "bookingid": 353
    },
    {
        "bookingid": 352
    },
    {
        "bookingid": 1709
    },
    {
        "bookingid": 14
    },
    {
        "bookingid": 1306
    },
    {
        "bookingid": 1381
    },
    {
        "bookingid": 1084
    },
    {
        "bookingid": 709
    },
    {
        "bookingid": 1510
    },
    {
        "bookingid": 468
    },
    {
        "bookingid": 735
    },
    {
        "bookingid": 390
    },
    {
        "bookingid": 856
    },
    {
        "bookingid": 917
    },
    {
        "bookingid": 1580
    },
    {
        "bookingid": 866
    },
    {
        "bookingid": 649
    },
    {
        "bookingid": 718
    },
    {
        "bookingid": 1625
    },
    {
        "bookingid": 1516
    },
    {
        "bookingid": 1311
    },
    {
        "bookingid": 233
    },
    {
        "bookingid": 1140
    },
    {
        "bookingid": 1475
    },
    {
        "bookingid": 843
    },
    {
        "bookingid": 1484
    },
    {
        "bookingid": 1046
    },
    {
        "bookingid": 1366
    },
    {
        "bookingid": 1024
    },
    {
        "bookingid": 705
    },
    {
        "bookingid": 855
    },
    {
        "bookingid": 526
    },
    {
        "bookingid": 1587
    },
    {
        "bookingid": 1012
    },
    {
        "bookingid": 231
    },
    {
        "bookingid": 157
    },
    {
        "bookingid": 1281
    },
    {
        "bookingid": 461
    },
    {
        "bookingid": 1205
    },
    {
        "bookingid": 1450
    },
    {
        "bookingid": 1750
    },
    {
        "bookingid": 913
    },
    {
        "bookingid": 729
    },
    {
        "bookingid": 1667
    },
    {
        "bookingid": 292
    },
    {
        "bookingid": 1643
    },
    {
        "bookingid": 1491
    },
    {
        "bookingid": 693
    },
    {
        "bookingid": 326
    },
    {
        "bookingid": 430
    },
    {
        "bookingid": 1054
    },
    {
        "bookingid": 1757
    },
    {
        "bookingid": 1713
    },
    {
        "bookingid": 1015
    },
    {
        "bookingid": 717
    },
    {
        "bookingid": 10
    },
    {
        "bookingid": 1483
    },
    {
        "bookingid": 763
    },
    {
        "bookingid": 994
    },
    {
        "bookingid": 407
    },
    {
        "bookingid": 1718
    },
    {
        "bookingid": 1237
    },
    {
        "bookingid": 1518
    },
    {
        "bookingid": 621
    },
    {
        "bookingid": 266
    },
    {
        "bookingid": 152
    },
    {
        "bookingid": 1157
    },
    {
        "bookingid": 29
    },
    {
        "bookingid": 1102
    },
    {
        "bookingid": 1414
    },
    {
        "bookingid": 403
    },
    {
        "bookingid": 1453
    },
    {
        "bookingid": 1369
    },
    {
        "bookingid": 244
    },
    {
        "bookingid": 1115
    },
    {
        "bookingid": 527
    },
    {
        "bookingid": 1727
    },
    {
        "bookingid": 1707
    },
    {
        "bookingid": 921
    },
    {
        "bookingid": 174
    },
    {
        "bookingid": 1738
    },
    {
        "bookingid": 1596
    },
    {
        "bookingid": 1512
    },
    {
        "bookingid": 192
    },
    {
        "bookingid": 1199
    },
    {
        "bookingid": 218
    },
    {
        "bookingid": 1004
    },
    {
        "bookingid": 429
    },
    {
        "bookingid": 1444
    },
    {
        "bookingid": 1535
    },
    {
        "bookingid": 1032
    },
    {
        "bookingid": 474
    },
    {
        "bookingid": 819
    },
    {
        "bookingid": 744
    },
    {
        "bookingid": 594
    },
    {
        "bookingid": 1182
    },
    {
        "bookingid": 1472
    },
    {
        "bookingid": 1020
    },
    {
        "bookingid": 410
    },
    {
        "bookingid": 1775
    },
    {
        "bookingid": 1739
    },
    {
        "bookingid": 276
    },
    {
        "bookingid": 1361
    },
    {
        "bookingid": 1016
    },
    {
        "bookingid": 1476
    },
    {
        "bookingid": 139
    },
    {
        "bookingid": 1416
    },
    {
        "bookingid": 582
    },
    {
        "bookingid": 285
    },
    {
        "bookingid": 249
    },
    {
        "bookingid": 1400
    },
    {
        "bookingid": 556
    },
    {
        "bookingid": 26
    },
    {
        "bookingid": 1569
    },
    {
        "bookingid": 24
    },
    {
        "bookingid": 568
    },
    {
        "bookingid": 1192
    },
    {
        "bookingid": 1553
    },
    {
        "bookingid": 589
    },
    {
        "bookingid": 942
    },
    {
        "bookingid": 1275
    },
    {
        "bookingid": 314
    },
    {
        "bookingid": 268
    },
    {
        "bookingid": 50
    },
    {
        "bookingid": 593
    },
    {
        "bookingid": 76
    },
    {
        "bookingid": 168
    },
    {
        "bookingid": 812
    },
    {
        "bookingid": 60
    },
    {
        "bookingid": 743
    },
    {
        "bookingid": 1126
    },
    {
        "bookingid": 398
    },
    {
        "bookingid": 125
    },
    {
        "bookingid": 18
    },
    {
        "bookingid": 1674
    },
    {
        "bookingid": 1373
    },
    {
        "bookingid": 195
    },
    {
        "bookingid": 1672
    },
    {
        "bookingid": 588
    },
    {
        "bookingid": 873
    },
    {
        "bookingid": 312
    },
    {
        "bookingid": 808
    },
    {
        "bookingid": 1341
    },
    {
        "bookingid": 598
    },
    {
        "bookingid": 810
    },
    {
        "bookingid": 1561
    },
    {
        "bookingid": 1013
    },
    {
        "bookingid": 694
    },
    {
        "bookingid": 1498
    },
    {
        "bookingid": 1106
    },
    {
        "bookingid": 780
    },
    {
        "bookingid": 577
    },
    {
        "bookingid": 923
    },
    {
        "bookingid": 1376
    },
    {
        "bookingid": 245
    },
    {
        "bookingid": 1623
    },
    {
        "bookingid": 580
    },
    {
        "bookingid": 907
    },
    {
        "bookingid": 55
    },
    {
        "bookingid": 1313
    },
    {
        "bookingid": 384
    },
    {
        "bookingid": 464
    },
    {
        "bookingid": 34
    },
    {
        "bookingid": 1025
    },
    {
        "bookingid": 1754
    },
    {
        "bookingid": 1644
    },
    {
        "bookingid": 438
    },
    {
        "bookingid": 51
    },
    {
        "bookingid": 287
    },
    {
        "bookingid": 864
    },
    {
        "bookingid": 382
    },
    {
        "bookingid": 706
    },
    {
        "bookingid": 1690
    },
    {
        "bookingid": 1448
    },
    {
        "bookingid": 1152
    },
    {
        "bookingid": 1098
    },
    {
        "bookingid": 381
    },
    {
        "bookingid": 1433
    },
    {
        "bookingid": 636
    },
    {
        "bookingid": 88
    },
    {
        "bookingid": 1420
    },
    {
        "bookingid": 512
    },
    {
        "bookingid": 1638
    },
    {
        "bookingid": 857
    },
    {
        "bookingid": 520
    },
    {
        "bookingid": 1614
    },
    {
        "bookingid": 959
    },
    {
        "bookingid": 924
    },
    {
        "bookingid": 724
    },
    {
        "bookingid": 1010
    },
    {
        "bookingid": 656
    },
    {
        "bookingid": 280
    },
    {
        "bookingid": 1270
    },
    {
        "bookingid": 1391
    },
    {
        "bookingid": 484
    },
    {
        "bookingid": 927
    },
    {
        "bookingid": 852
    },
    {
        "bookingid": 1357
    },
    {
        "bookingid": 840
    },
    {
        "bookingid": 1193
    },
    {
        "bookingid": 1360
    },
    {
        "bookingid": 1129
    },
    {
        "bookingid": 151
    },
    {
        "bookingid": 1492
    },
    {
        "bookingid": 1765
    },
    {
        "bookingid": 666
    },
    {
        "bookingid": 1271
    },
    {
        "bookingid": 1138
    },
    {
        "bookingid": 1746
    },
    {
        "bookingid": 1170
    },
    {
        "bookingid": 479
    },
    {
        "bookingid": 1659
    },
    {
        "bookingid": 1073
    },
    {
        "bookingid": 753
    },
    {
        "bookingid": 36
    },
    {
        "bookingid": 1297
    },
    {
        "bookingid": 89
    },
    {
        "bookingid": 792
    },
    {
        "bookingid": 837
    }
]
]]></system-out>
  </testcase>
</testsuite>