<?xml version="1.0" encoding="UTF-8"?>
<testsuite xmlns:xsi="http://www.w3.org/2001/XMLSchema-instance" xsi:noNamespaceSchemaLocation="https://maven.apache.org/surefire/maven-surefire-plugin/xsd/surefire-test-report-3.0.xsd" version="3.0" name="ApiTest" time="9.843" tests="8" errors="0" skipped="0" failures="0">
  <properties>
[...]
</properties>
  <testcase name="GetToken" classname="ApiTest" time="1.073">
    <system-out><![CDATA[{
    "token": "8bc123074fd5324"
}
]]></system-out>
    <system-err><![CDATA[SLF4J: Failed to load class "org.slf4j.impl.StaticLoggerBinder".
SLF4J: Defaulting to no-operation (NOP) logger implementation
SLF4J: See http://www.slf4j.org/codes.html#StaticLoggerBinder for further details.
]]></system-err>
  </testcase>
  <testcase name="createBooking" classname="ApiTest" time="0.688">
    <system-out><![CDATA[{
    "bookingid": 2315,
    "booking": {
        "firstname": "Jim",
        "lastname": "Brown",
        "totalprice": 111,
        "depositpaid": true,
        "bookingdates": {
            "checkin": "2018-01-01",
            "checkout": "2019-01-01"
        }
    }
}
]]></system-out>
  </testcase>
  <testcase name="updateBooking" classname="ApiTest" time="0.774">
    <system-out><![CDATA[{
    "firstname": "James",
    "lastname": "Brown",
    "totalprice": 111,
    "depositpaid": true,
    "bookingdates": {
        "checkin": "2018-01-01",
        "checkout": "2019-01-01"
    }
}
]]></system-out>
  </testcase>
  <testcase name="partialUpdateBooking" classname="ApiTest" time="0.715">
    <system-out><![CDATA[{
    "firstname": "Jack",
    "lastname": "Bro",
    "totalprice": 111,
    "depositpaid": true,
    "bookingdates": {
        "checkin": "2018-01-01",
        "checkout": "2019-01-01"
    }
}
]]></system-out>
  </testcase>
  <testcase name="deleteBooking" classname="ApiTest" time="0.721">
    <system-out><![CDATA[Created
]]></system-out>
  </testcase>
  <testcase name="healthCheck" classname="ApiTest" time="0.748">
    <system-out><![CDATA[Created
]]></system-out>
  </testcase>
  <testcase name="GetBooking" classname="ApiTest" time="1.005">
    <system-out><![CDATA[[
    {
        "bookingid": 1151
    },
    {
        "bookingid": 900
    },
    {
        "bookingid": 1779
    },
    {
        "bookingid": 935
    },
    {
        "bookingid": 623
    },
    {
        "bookingid": 1648
    },
    {
        "bookingid": 399
    },
    {
        "bookingid": 1901
    },
    {
        "bookingid": 1127
    },
    {
        "bookingid": 62
    },
    {
        "bookingid": 826
    },
    {
        "bookingid": 2290
    },
    {
        "bookingid": 151
    },
    {
        "bookingid": 936
    },
    {
        "bookingid": 1591
    },
    {
        "bookingid": 1138
    },
    {
        "bookingid": 17
    },
    {
        "bookingid": 2174
    },
    {
        "bookingid": 183
    },
    {
        "bookingid": 1665
    },
    {
        "bookingid": 903
    },
    {
        "bookingid": 1098
    },
    {
        "bookingid": 2157
    },
    {
        "bookingid": 1748
    },
    {
        "bookingid": 1543
    },
    {
        "bookingid": 32
    },
    {
        "bookingid": 1005
    },
    {
        "bookingid": 1012
    },
    {
        "bookingid": 169
    },
    {
        "bookingid": 1013
    },
    {
        "bookingid": 2198
    },
    {
        "bookingid": 2190
    },
    {
        "bookingid": 50
    },
    {
        "bookingid": 848
    },
    {
        "bookingid": 223
    },
    {
        "bookingid": 1532
    },
    {
        "bookingid": 1836
    },
    {
        "bookingid": 352
    },
    {
        "bookingid": 955
    },
    {
        "bookingid": 409
    },
    {
        "bookingid": 125
    },
    {
        "bookingid": 168
    },
    {
        "bookingid": 1922
    },
    {
        "bookingid": 1226
    },
    {
        "bookingid": 360
    },
    {
        "bookingid": 1022
    },
    {
        "bookingid": 884
    },
    {
        "bookingid": 1918
    },
    {
        "bookingid": 1321
    },
    {
        "bookingid": 1756
    },
    {
        "bookingid": 990
    },
    {
        "bookingid": 1410
    },
    {
        "bookingid": 293
    },
    {
        "bookingid": 1394
    },
    {
        "bookingid": 1334
    },
    {
        "bookingid": 2003
    },
    {
        "bookingid": 1678
    },
    {
        "bookingid": 1728
    },
    {
        "bookingid": 273
    },
    {
        "bookingid": 92
    },
    {
        "bookingid": 1219
    },
    {
        "bookingid": 1347
    },
    {
        "bookingid": 218
    },
    {
        "bookingid": 259
    },
    {
        "bookingid": 1790
    },
    {
        "bookingid": 144
    },
    {
        "bookingid": 2317
    },
    {
        "bookingid": 791
    },
    {
        "bookingid": 1118
    },
    {
        "bookingid": 1192
    },
    {
        "bookingid": 933
    },
    {
        "bookingid": 1305
    },
    {
        "bookingid": 192
    },
    {
        "bookingid": 1631
    },
    {
        "bookingid": 993
    },
    {
        "bookingid": 985
    },
    {
        "bookingid": 1393
    },
    {
        "bookingid": 372
    },
    {
        "bookingid": 432
    },
    {
        "bookingid": 1054
    },
    {
        "bookingid": 1810
    },
    {
        "bookingid": 1579
    },
    {
        "bookingid": 1494
    },
    {
        "bookingid": 2311
    },
    {
        "bookingid": 1320
    },
    {
        "bookingid": 43
    },
    {
        "bookingid": 1162
    },
    {
        "bookingid": 943
    },
    {
        "bookingid": 1738
    },
    {
        "bookingid": 1806
    },
    {
        "bookingid": 573
    },
    {
        "bookingid": 1782
    },
    {
        "bookingid": 2145
    },
    {
        "bookingid": 433
    },
    {
        "bookingid": 2019
    },
    {
        "bookingid": 2238
    },
    {
        "bookingid": 167
    },
    {
        "bookingid": 1826
    },
    {
        "bookingid": 1657
    },
    {
        "bookingid": 838
    },
    {
        "bookingid": 1247
    },
    {
        "bookingid": 1896
    },
    {
        "bookingid": 2120
    },
    {
        "bookingid": 1712
    },
    {
        "bookingid": 580
    },
    {
        "bookingid": 2189
    },
    {
        "bookingid": 1692
    },
    {
        "bookingid": 1807
    },
    {
        "bookingid": 1136
    },
    {
        "bookingid": 1633
    },
    {
        "bookingid": 722
    },
    {
        "bookingid": 1183
    },
    {
        "bookingid": 1517
    },
    {
        "bookingid": 864
    },
    {
        "bookingid": 2118
    },
    {
        "bookingid": 1306
    },
    {
        "bookingid": 783
    },
    {
        "bookingid": 782
    },
    {
        "bookingid": 1290
    },
    {
        "bookingid": 1011
    },
    {
        "bookingid": 499
    },
    {
        "bookingid": 644
    },
    {
        "bookingid": 692
    },
    {
        "bookingid": 1116
    },
    {
        "bookingid": 2112
    },
    {
        "bookingid": 461
    },
    {
        "bookingid": 291
    },
    {
        "bookingid": 2013
    },
    {
        "bookingid": 1076
    },
    {
        "bookingid": 1682
    },
    {
        "bookingid": 535
    },
    {
        "bookingid": 1555
    },
    {
        "bookingid": 25
    },
    {
        "bookingid": 1685
    },
    {
        "bookingid": 320
    },
    {
        "bookingid": 2323
    },
    {
        "bookingid": 2326
    },
    {
        "bookingid": 511
    },
    {
        "bookingid": 1762
    },
    {
        "bookingid": 636
    },
    {
        "bookingid": 2222
    },
    {
        "bookingid": 1470
    },
    {
        "bookingid": 347
    },
    {
        "bookingid": 824
    },
    {
        "bookingid": 614
    },
    {
        "bookingid": 1596
    },
    {
        "bookingid": 2049
    },
    {
        "bookingid": 651
    },
    {
        "bookingid": 172
    },
    {
        "bookingid": 927
    },
    {
        "bookingid": 2297
    },
    {
        "bookingid": 1088
    },
    {
        "bookingid": 325
    },
    {
        "bookingid": 1189
    },
    {
        "bookingid": 921
    },
    {
        "bookingid": 337
    },
    {
        "bookingid": 1153
    },
    {
        "bookingid": 239
    },
    {
        "bookingid": 69
    },
    {
        "bookingid": 530
    },
    {
        "bookingid": 2039
    },
    {
        "bookingid": 2130
    },
    {
        "bookingid": 1741
    },
    {
        "bookingid": 2054
    },
    {
        "bookingid": 2105
    },
    {
        "bookingid": 26
    },
    {
        "bookingid": 106
    },
    {
        "bookingid": 456
    },
    {
        "bookingid": 235
    },
    {
        "bookingid": 1726
    },
    {
        "bookingid": 1368
    },
    {
        "bookingid": 1236
    },
    {
        "bookingid": 317
    },
    {
        "bookingid": 18
    },
    {
        "bookingid": 2329
    },
    {
        "bookingid": 1382
    },
    {
        "bookingid": 763
    },
    {
        "bookingid": 1507
    },
    {
        "bookingid": 392
    },
    {
        "bookingid": 1823
    },
    {
        "bookingid": 1277
    },
    {
        "bookingid": 1068
    },
    {
        "bookingid": 1038
    },
    {
        "bookingid": 617
    },
    {
        "bookingid": 2219
    },
    {
        "bookingid": 752
    },
    {
        "bookingid": 1028
    },
    {
        "bookingid": 371
    },
    {
        "bookingid": 135
    },
    {
        "bookingid": 1438
    },
    {
        "bookingid": 356
    },
    {
        "bookingid": 1362
    },
    {
        "bookingid": 410
    },
    {
        "bookingid": 1434
    },
    {
        "bookingid": 1624
    },
    {
        "bookingid": 1662
    },
    {
        "bookingid": 199
    },
    {
        "bookingid": 894
    },
    {
        "bookingid": 1035
    },
    {
        "bookingid": 1868
    },
    {
        "bookingid": 571
    },
    {
        "bookingid": 731
    },
    {
        "bookingid": 4
    },
    {
        "bookingid": 1840
    },
    {
        "bookingid": 1168
    },
    {
        "bookingid": 2147
    },
    {
        "bookingid": 1341
    },
    {
        "bookingid": 2230
    },
    {
        "bookingid": 1567
    },
    {
        "bookingid": 2304
    },
    {
        "bookingid": 2072
    },
    {
        "bookingid": 1546
    },
    {
        "bookingid": 61
    },
    {
        "bookingid": 68
    },
    {
        "bookingid": 254
    },
    {
        "bookingid": 196
    },
    {
        "bookingid": 814
    },
    {
        "bookingid": 854
    },
    {
        "bookingid": 276
    },
    {
        "bookingid": 1696
    },
    {
        "bookingid": 1799
    },
    {
        "bookingid": 1486
    },
    {
        "bookingid": 2121
    },
    {
        "bookingid": 1691
    },
    {
        "bookingid": 1421
    },
    {
        "bookingid": 925
    },
    {
        "bookingid": 776
    },
    {
        "bookingid": 464
    },
    {
        "bookingid": 445
    },
    {
        "bookingid": 2165
    },
    {
        "bookingid": 358
    },
    {
        "bookingid": 2319
    },
    {
        "bookingid": 1104
    },
    {
        "bookingid": 2282
    },
    {
        "bookingid": 578
    },
    {
        "bookingid": 2294
    },
    {
        "bookingid": 189
    },
    {
        "bookingid": 427
    },
    {
        "bookingid": 628
    },
    {
        "bookingid": 1006
    },
    {
        "bookingid": 1211
    },
    {
        "bookingid": 2257
    },
    {
        "bookingid": 2033
    },
    {
        "bookingid": 450
    },
    {
        "bookingid": 1588
    },
    {
        "bookingid": 532
    },
    {
        "bookingid": 160
    },
    {
        "bookingid": 2249
    },
    {
        "bookingid": 1946
    },
    {
        "bookingid": 1301
    },
    {
        "bookingid": 12
    },
    {
        "bookingid": 526
    },
    {
        "bookingid": 1163
    },
    {
        "bookingid": 904
    },
    {
        "bookingid": 969
    },
    {
        "bookingid": 543
    },
    {
        "bookingid": 2065
    },
    {
        "bookingid": 1558
    },
    {
        "bookingid": 1972
    },
    {
        "bookingid": 1897
    },
    {
        "bookingid": 2229
    },
    {
        "bookingid": 1461
    },
    {
        "bookingid": 9
    },
    {
        "bookingid": 1145
    },
    {
        "bookingid": 879
    },
    {
        "bookingid": 1609
    },
    {
        "bookingid": 1178
    },
    {
        "bookingid": 1625
    },
    {
        "bookingid": 805
    },
    {
        "bookingid": 944
    },
    {
        "bookingid": 1605
    },
    {
        "bookingid": 1537
    },
    {
        "bookingid": 1643
    },
    {
        "bookingid": 1860
    },
    {
        "bookingid": 243
    },
    {
        "bookingid": 2155
    },
    {
        "bookingid": 1338
    },
    {
        "bookingid": 193
    },
    {
        "bookingid": 980
    },
    {
        "bookingid": 1864
    },
    {
        "bookingid": 994
    },
    {
        "bookingid": 1195
    },
    {
        "bookingid": 2056
    },
    {
        "bookingid": 1443
    },
    {
        "bookingid": 1916
    },
    {
        "bookingid": 996
    },
    {
        "bookingid": 1201
    },
    {
        "bookingid": 299
    },
    {
        "bookingid": 224
    },
    {
        "bookingid": 1701
    },
    {
        "bookingid": 739
    },
    {
        "bookingid": 1848
    },
    {
        "bookingid": 367
    },
    {
        "bookingid": 71
    },
    {
        "bookingid": 550
    },
    {
        "bookingid": 2197
    },
    {
        "bookingid": 156
    },
    {
        "bookingid": 1053
    },
    {
        "bookingid": 2074
    },
    {
        "bookingid": 370
    },
    {
        "bookingid": 1880
    },
    {
        "bookingid": 311
    },
    {
        "bookingid": 2166
    },
    {
        "bookingid": 5
    },
    {
        "bookingid": 1493
    },
    {
        "bookingid": 1363
    },
    {
        "bookingid": 11
    },
    {
        "bookingid": 1930
    },
    {
        "bookingid": 1818
    },
    {
        "bookingid": 822
    },
    {
        "bookingid": 2052
    },
    {
        "bookingid": 446
    },
    {
        "bookingid": 1319
    },
    {
        "bookingid": 1932
    },
    {
        "bookingid": 93
    },
    {
        "bookingid": 1479
    },
    {
        "bookingid": 1352
    },
    {
        "bookingid": 1531
    },
    {
        "bookingid": 2346
    },
    {
        "bookingid": 1660
    },
    {
        "bookingid": 1285
    },
    {
        "bookingid": 1440
    },
    {
        "bookingid": 431
    },
    {
        "bookingid": 1620
    },
    {
        "bookingid": 443
    },
    {
        "bookingid": 1784
    },
    {
        "bookingid": 2205
    },
    {
        "bookingid": 2107
    },
    {
        "bookingid": 556
    },
    {
        "bookingid": 2201
    },
    {
        "bookingid": 153
    },
    {
        "bookingid": 1231
    },
    {
        "bookingid": 1221
    },
    {
        "bookingid": 1418
    },
    {
        "bookingid": 2298
    },
    {
        "bookingid": 138
    },
    {
        "bookingid": 166
    },
    {
        "bookingid": 89
    },
    {
        "bookingid": 2176
    },
    {
        "bookingid": 102
    },
    {
        "bookingid": 287
    },
    {
        "bookingid": 1267
    },
    {
        "bookingid": 852
    },
    {
        "bookingid": 29
    },
    {
        "bookingid": 997
    },
    {
        "bookingid": 2180
    },
    {
        "bookingid": 870
    },
    {
        "bookingid": 1008
    },
    {
        "bookingid": 686
    },
    {
        "bookingid": 1040
    },
    {
        "bookingid": 956
    },
    {
        "bookingid": 723
    },
    {
        "bookingid": 1002
    },
    {
        "bookingid": 1743
    },
    {
        "bookingid": 1977
    },
    {
        "bookingid": 1729
    },
    {
        "bookingid": 825
    },
    {
        "bookingid": 1745
    },
    {
        "bookingid": 961
    },
    {
        "bookingid": 458
    },
    {
        "bookingid": 808
    },
    {
        "bookingid": 836
    },
    {
        "bookingid": 624
    },
    {
        "bookingid": 1021
    },
    {
        "bookingid": 1634
    },
    {
        "bookingid": 647
    },
    {
        "bookingid": 389
    },
    {
        "bookingid": 548
    },
    {
        "bookingid": 504
    },
    {
        "bookingid": 1775
    },
    {
        "bookingid": 2239
    },
    {
        "bookingid": 1920
    },
    {
        "bookingid": 858
    },
    {
        "bookingid": 609
    },
    {
        "bookingid": 2330
    },
    {
        "bookingid": 335
    },
    {
        "bookingid": 318
    },
    {
        "bookingid": 1524
    },
    {
        "bookingid": 112
    },
    {
        "bookingid": 1417
    },
    {
        "bookingid": 926
    },
    {
        "bookingid": 1573
    },
    {
        "bookingid": 762
    },
    {
        "bookingid": 1556
    },
    {
        "bookingid": 388
    },
    {
        "bookingid": 1142
    },
    {
        "bookingid": 123
    },
    {
        "bookingid": 3
    },
    {
        "bookingid": 1724
    },
    {
        "bookingid": 479
    },
    {
        "bookingid": 2203
    },
    {
        "bookingid": 672
    },
    {
        "bookingid": 182
    },
    {
        "bookingid": 1345
    },
    {
        "bookingid": 95
    },
    {
        "bookingid": 2212
    },
    {
        "bookingid": 212
    },
    {
        "bookingid": 1518
    },
    {
        "bookingid": 1495
    },
    {
        "bookingid": 1763
    },
    {
        "bookingid": 1684
    },
    {
        "bookingid": 1505
    },
    {
        "bookingid": 568
    },
    {
        "bookingid": 501
    },
    {
        "bookingid": 2234
    },
    {
        "bookingid": 559
    },
    {
        "bookingid": 816
    },
    {
        "bookingid": 2335
    },
    {
        "bookingid": 690
    },
    {
        "bookingid": 742
    },
    {
        "bookingid": 773
    },
    {
        "bookingid": 30
    },
    {
        "bookingid": 1879
    },
    {
        "bookingid": 1239
    },
    {
        "bookingid": 616
    },
    {
        "bookingid": 751
    },
    {
        "bookingid": 2008
    },
    {
        "bookingid": 1214
    },
    {
        "bookingid": 1630
    },
    {
        "bookingid": 1815
    },
    {
        "bookingid": 725
    },
    {
        "bookingid": 589
    },
    {
        "bookingid": 893
    },
    {
        "bookingid": 2012
    },
    {
        "bookingid": 304
    },
    {
        "bookingid": 1328
    },
    {
        "bookingid": 307
    },
    {
        "bookingid": 1949
    },
    {
        "bookingid": 1522
    },
    {
        "bookingid": 1898
    },
    {
        "bookingid": 891
    },
    {
        "bookingid": 1914
    },
    {
        "bookingid": 1420
    },
    {
        "bookingid": 1854
    },
    {
        "bookingid": 707
    },
    {
        "bookingid": 734
    },
    {
        "bookingid": 94
    },
    {
        "bookingid": 219
    },
    {
        "bookingid": 487
    },
    {
        "bookingid": 2154
    },
    {
        "bookingid": 1170
    },
    {
        "bookingid": 874
    },
    {
        "bookingid": 743
    },
    {
        "bookingid": 349
    },
    {
        "bookingid": 339
    },
    {
        "bookingid": 378
    },
    {
        "bookingid": 1533
    },
    {
        "bookingid": 2081
    },
    {
        "bookingid": 907
    },
    {
        "bookingid": 882
    },
    {
        "bookingid": 1881
    },
    {
        "bookingid": 1430
    },
    {
        "bookingid": 1645
    },
    {
        "bookingid": 2169
    },
    {
        "bookingid": 1451
    },
    {
        "bookingid": 323
    },
    {
        "bookingid": 78
    },
    {
        "bookingid": 383
    },
    {
        "bookingid": 2195
    },
    {
        "bookingid": 91
    },
    {
        "bookingid": 19
    },
    {
        "bookingid": 1429
    },
    {
        "bookingid": 500
    },
    {
        "bookingid": 1890
    },
    {
        "bookingid": 1654
    },
    {
        "bookingid": 611
    },
    {
        "bookingid": 1544
    },
    {
        "bookingid": 1323
    },
    {
        "bookingid": 676
    },
    {
        "bookingid": 680
    },
    {
        "bookingid": 1045
    },
    {
        "bookingid": 694
    },
    {
        "bookingid": 2328
    },
    {
        "bookingid": 447
    },
    {
        "bookingid": 563
    },
    {
        "bookingid": 1581
    },
    {
        "bookingid": 771
    },
    {
        "bookingid": 1381
    },
    {
        "bookingid": 1618
    },
    {
        "bookingid": 2000
    },
    {
        "bookingid": 400
    },
    {
        "bookingid": 2251
    },
    {
        "bookingid": 941
    },
    {
        "bookingid": 948
    },
    {
        "bookingid": 305
    },
    {
        "bookingid": 1177
    },
    {
        "bookingid": 1600
    },
    {
        "bookingid": 1084
    },
    {
        "bookingid": 150
    },
    {
        "bookingid": 2153
    },
    {
        "bookingid": 520
    },
    {
        "bookingid": 494
    },
    {
        "bookingid": 394
    },
    {
        "bookingid": 1075
    },
    {
        "bookingid": 659
    },
    {
        "bookingid": 717
    },
    {
        "bookingid": 286
    },
    {
        "bookingid": 922
    },
    {
        "bookingid": 1909
    },
    {
        "bookingid": 1361
    },
    {
        "bookingid": 1978
    },
    {
        "bookingid": 930
    },
    {
        "bookingid": 1693
    },
    {
        "bookingid": 1528
    },
    {
        "bookingid": 1585
    },
    {
        "bookingid": 1611
    },
    {
        "bookingid": 1478
    },
    {
        "bookingid": 714
    },
    {
        "bookingid": 2279
    },
    {
        "bookingid": 1706
    },
    {
        "bookingid": 747
    },
    {
        "bookingid": 1796
    },
    {
        "bookingid": 988
    },
    {
        "bookingid": 637
    },
    {
        "bookingid": 1273
    },
    {
        "bookingid": 1477
    },
    {
        "bookingid": 1169
    },
    {
        "bookingid": 1052
    },
    {
        "bookingid": 719
    },
    {
        "bookingid": 2287
    },
    {
        "bookingid": 1673
    },
    {
        "bookingid": 270
    },
    {
        "bookingid": 263
    },
    {
        "bookingid": 1149
    },
    {
        "bookingid": 1794
    },
    {
        "bookingid": 741
    },
    {
        "bookingid": 130
    },
    {
        "bookingid": 475
    },
    {
        "bookingid": 486
    },
    {
        "bookingid": 1165
    },
    {
        "bookingid": 1
    },
    {
        "bookingid": 1813
    },
    {
        "bookingid": 1707
    },
    {
        "bookingid": 1595
    },
    {
        "bookingid": 1456
    },
    {
        "bookingid": 119
    },
    {
        "bookingid": 1563
    },
    {
        "bookingid": 1969
    },
    {
        "bookingid": 1871
    },
    {
        "bookingid": 598
    },
    {
        "bookingid": 1253
    },
    {
        "bookingid": 1235
    },
    {
        "bookingid": 1714
    },
    {
        "bookingid": 514
    },
    {
        "bookingid": 1513
    },
    {
        "bookingid": 871
    },
    {
        "bookingid": 1445
    },
    {
        "bookingid": 876
    },
    {
        "bookingid": 99
    },
    {
        "bookingid": 2273
    },
    {
        "bookingid": 105
    },
    {
        "bookingid": 1034
    },
    {
        "bookingid": 1987
    },
    {
        "bookingid": 1046
    },
    {
        "bookingid": 1100
    },
    {
        "bookingid": 648
    },
    {
        "bookingid": 6
    },
    {
        "bookingid": 2046
    },
    {
        "bookingid": 2018
    },
    {
        "bookingid": 588
    },
    {
        "bookingid": 2337
    },
    {
        "bookingid": 226
    },
    {
        "bookingid": 1986
    },
    {
        "bookingid": 2044
    },
    {
        "bookingid": 41
    },
    {
        "bookingid": 1545
    },
    {
        "bookingid": 101
    },
    {
        "bookingid": 471
    },
    {
        "bookingid": 256
    },
    {
        "bookingid": 1353
    },
    {
        "bookingid": 1773
    },
    {
        "bookingid": 551
    },
    {
        "bookingid": 895
    },
    {
        "bookingid": 1976
    },
    {
        "bookingid": 2136
    },
    {
        "bookingid": 227
    },
    {
        "bookingid": 271
    },
    {
        "bookingid": 149
    },
    {
        "bookingid": 863
    },
    {
        "bookingid": 1841
    },
    {
        "bookingid": 759
    },
    {
        "bookingid": 1938
    },
    {
        "bookingid": 1735
    },
    {
        "bookingid": 262
    },
    {
        "bookingid": 1997
    },
    {
        "bookingid": 216
    },
    {
        "bookingid": 868
    },
    {
        "bookingid": 619
    },
    {
        "bookingid": 1300
    },
    {
        "bookingid": 1000
    },
    {
        "bookingid": 1958
    },
    {
        "bookingid": 1130
    },
    {
        "bookingid": 20
    },
    {
        "bookingid": 2140
    },
    {
        "bookingid": 426
    },
    {
        "bookingid": 655
    },
    {
        "bookingid": 602
    },
    {
        "bookingid": 488
    },
    {
        "bookingid": 437
    },
    {
        "bookingid": 1255
    },
    {
        "bookingid": 2252
    },
    {
        "bookingid": 1181
    },
    {
        "bookingid": 57
    },
    {
        "bookingid": 1401
    },
    {
        "bookingid": 1367
    },
    {
        "bookingid": 917
    },
    {
        "bookingid": 1829
    },
    {
        "bookingid": 1746
    },
    {
        "bookingid": 2225
    },
    {
        "bookingid": 675
    },
    {
        "bookingid": 380
    },
    {
        "bookingid": 209
    },
    {
        "bookingid": 1462
    },
    {
        "bookingid": 1135
    },
    {
        "bookingid": 454
    },
    {
        "bookingid": 2122
    },
    {
        "bookingid": 134
    },
    {
        "bookingid": 81
    },
    {
        "bookingid": 2109
    },
    {
        "bookingid": 2259
    },
    {
        "bookingid": 353
    },
    {
        "bookingid": 896
    },
    {
        "bookingid": 671
    },
    {
        "bookingid": 344
    },
    {
        "bookingid": 55
    },
    {
        "bookingid": 1509
    },
    {
        "bookingid": 1562
    },
    {
        "bookingid": 632
    },
    {
        "bookingid": 1719
    },
    {
        "bookingid": 827
    },
    {
        "bookingid": 643
    },
    {
        "bookingid": 1378
    },
    {
        "bookingid": 2025
    },
    {
        "bookingid": 2181
    },
    {
        "bookingid": 1091
    },
    {
        "bookingid": 188
    },
    {
        "bookingid": 2342
    },
    {
        "bookingid": 2009
    },
    {
        "bookingid": 1578
    },
    {
        "bookingid": 978
    },
    {
        "bookingid": 1124
    },
    {
        "bookingid": 244
    },
    {
        "bookingid": 942
    },
    {
        "bookingid": 1442
    },
    {
        "bookingid": 139
    },
    {
        "bookingid": 2171
    },
    {
        "bookingid": 2055
    },
    {
        "bookingid": 2001
    },
    {
        "bookingid": 455
    },
    {
        "bookingid": 1249
    },
    {
        "bookingid": 1675
    },
    {
        "bookingid": 1425
    },
    {
        "bookingid": 1366
    },
    {
        "bookingid": 663
    },
    {
        "bookingid": 1094
    },
    {
        "bookingid": 558
    },
    {
        "bookingid": 1331
    },
    {
        "bookingid": 2028
    },
    {
        "bookingid": 1646
    },
    {
        "bookingid": 914
    },
    {
        "bookingid": 1776
    },
    {
        "bookingid": 1640
    },
    {
        "bookingid": 846
    },
    {
        "bookingid": 280
    },
    {
        "bookingid": 452
    },
    {
        "bookingid": 1283
    },
    {
        "bookingid": 250
    },
    {
        "bookingid": 2021
    },
    {
        "bookingid": 1105
    },
    {
        "bookingid": 2246
    },
    {
        "bookingid": 934
    },
    {
        "bookingid": 368
    },
    {
        "bookingid": 756
    },
    {
        "bookingid": 2299
    },
    {
        "bookingid": 964
    },
    {
        "bookingid": 1833
    },
    {
        "bookingid": 2142
    },
    {
        "bookingid": 831
    },
    {
        "bookingid": 1911
    },
    {
        "bookingid": 147
    },
    {
        "bookingid": 1983
    },
    {
        "bookingid": 1626
    },
    {
        "bookingid": 2244
    },
    {
        "bookingid": 338
    },
    {
        "bookingid": 1007
    },
    {
        "bookingid": 620
    },
    {
        "bookingid": 403
    },
    {
        "bookingid": 42
    },
    {
        "bookingid": 1530
    },
    {
        "bookingid": 1893
    },
    {
        "bookingid": 721
    },
    {
        "bookingid": 1502
    },
    {
        "bookingid": 1940
    },
    {
        "bookingid": 1687
    },
    {
        "bookingid": 2048
    },
    {
        "bookingid": 195
    },
    {
        "bookingid": 1392
    },
    {
        "bookingid": 205
    },
    {
        "bookingid": 1853
    },
    {
        "bookingid": 2202
    },
    {
        "bookingid": 1458
    },
    {
        "bookingid": 2285
    },
    {
        "bookingid": 509
    },
    {
        "bookingid": 490
    },
    {
        "bookingid": 584
    },
    {
        "bookingid": 1110
    },
    {
        "bookingid": 38
    },
    {
        "bookingid": 449
    },
    {
        "bookingid": 1523
    },
    {
        "bookingid": 2313
    },
    {
        "bookingid": 2078
    },
    {
        "bookingid": 1679
    },
    {
        "bookingid": 1998
    },
    {
        "bookingid": 1289
    },
    {
        "bookingid": 127
    },
    {
        "bookingid": 913
    },
    {
        "bookingid": 1772
    },
    {
        "bookingid": 1436
    },
    {
        "bookingid": 416
    },
    {
        "bookingid": 122
    },
    {
        "bookingid": 2275
    },
    {
        "bookingid": 1237
    },
    {
        "bookingid": 1140
    },
    {
        "bookingid": 1354
    },
    {
        "bookingid": 1092
    },
    {
        "bookingid": 2088
    },
    {
        "bookingid": 1913
    },
    {
        "bookingid": 1508
    },
    {
        "bookingid": 574
    },
    {
        "bookingid": 860
    },
    {
        "bookingid": 2187
    },
    {
        "bookingid": 1131
    },
    {
        "bookingid": 887
    },
    {
        "bookingid": 840
    },
    {
        "bookingid": 699
    },
    {
        "bookingid": 76
    },
    {
        "bookingid": 1188
    },
    {
        "bookingid": 973
    },
    {
        "bookingid": 519
    },
    {
        "bookingid": 2061
    },
    {
        "bookingid": 592
    },
    {
        "bookingid": 328
    },
    {
        "bookingid": 2134
    },
    {
        "bookingid": 2113
    },
    {
        "bookingid": 1519
    },
    {
        "bookingid": 302
    },
    {
        "bookingid": 951
    },
    {
        "bookingid": 2161
    },
    {
        "bookingid": 1318
    },
    {
        "bookingid": 1700
    },
    {
        "bookingid": 110
    },
    {
        "bookingid": 1449
    },
    {
        "bookingid": 1228
    },
    {
        "bookingid": 600
    },
    {
        "bookingid": 174
    },
    {
        "bookingid": 2324
    },
    {
        "bookingid": 1187
    },
    {
        "bookingid": 1433
    },
    {
        "bookingid": 1816
    },
    {
        "bookingid": 1244
    },
    {
        "bookingid": 28
    },
    {
        "bookingid": 1652
    },
    {
        "bookingid": 2208
    },
    {
        "bookingid": 1736
    },
    {
        "bookingid": 480
    },
    {
        "bookingid": 1539
    },
    {
        "bookingid": 1577
    },
    {
        "bookingid": 1080
    },
    {
        "bookingid": 63
    },
    {
        "bookingid": 141
    },
    {
        "bookingid": 1828
    },
    {
        "bookingid": 625
    },
    {
        "bookingid": 1989
    },
    {
        "bookingid": 34
    },
    {
        "bookingid": 439
    },
    {
        "bookingid": 971
    },
    {
        "bookingid": 1576
    },
    {
        "bookingid": 1491
    },
    {
        "bookingid": 1119
    },
    {
        "bookingid": 474
    },
    {
        "bookingid": 376
    },
    {
        "bookingid": 462
    },
    {
        "bookingid": 794
    },
    {
        "bookingid": 1278
    },
    {
        "bookingid": 1862
    },
    {
        "bookingid": 730
    },
    {
        "bookingid": 1757
    },
    {
        "bookingid": 502
    },
    {
        "bookingid": 2146
    },
    {
        "bookingid": 2270
    },
    {
        "bookingid": 549
    },
    {
        "bookingid": 710
    },
    {
        "bookingid": 2
    },
    {
        "bookingid": 310
    },
    {
        "bookingid": 1948
    },
    {
        "bookingid": 2058
    },
    {
        "bookingid": 1615
    },
    {
        "bookingid": 56
    },
    {
        "bookingid": 748
    },
    {
        "bookingid": 1196
    },
    {
        "bookingid": 642
    },
    {
        "bookingid": 1112
    },
    {
        "bookingid": 859
    },
    {
        "bookingid": 1780
    },
    {
        "bookingid": 1497
    },
    {
        "bookingid": 1594
    },
    {
        "bookingid": 1325
    },
    {
        "bookingid": 1039
    },
    {
        "bookingid": 745
    },
    {
        "bookingid": 179
    },
    {
        "bookingid": 819
    },
    {
        "bookingid": 1125
    },
    {
        "bookingid": 23
    },
    {
        "bookingid": 1988
    },
    {
        "bookingid": 596
    },
    {
        "bookingid": 1317
    },
    {
        "bookingid": 522
    },
    {
        "bookingid": 698
    },
    {
        "bookingid": 784
    },
    {
        "bookingid": 117
    },
    {
        "bookingid": 622
    },
    {
        "bookingid": 1846
    },
    {
        "bookingid": 812
    },
    {
        "bookingid": 1552
    },
    {
        "bookingid": 2083
    },
    {
        "bookingid": 161
    },
    {
        "bookingid": 1051
    },
    {
        "bookingid": 1252
    },
    {
        "bookingid": 2029
    },
    {
        "bookingid": 1190
    },
    {
        "bookingid": 1072
    },
    {
        "bookingid": 2305
    },
    {
        "bookingid": 52
    },
    {
        "bookingid": 1708
    },
    {
        "bookingid": 1599
    },
    {
        "bookingid": 1903
    },
    {
        "bookingid": 1222
    },
    {
        "bookingid": 889
    },
    {
        "bookingid": 2192
    },
    {
        "bookingid": 2043
    },
    {
        "bookingid": 1888
    },
    {
        "bookingid": 1744
    },
    {
        "bookingid": 1742
    },
    {
        "bookingid": 2265
    },
    {
        "bookingid": 1148
    },
    {
        "bookingid": 1891
    },
    {
        "bookingid": 2310
    },
    {
        "bookingid": 88
    },
    {
        "bookingid": 962
    },
    {
        "bookingid": 1883
    },
    {
        "bookingid": 1963
    },
    {
        "bookingid": 1264
    },
    {
        "bookingid": 618
    },
    {
        "bookingid": 790
    },
    {
        "bookingid": 1376
    },
    {
        "bookingid": 1241
    },
    {
        "bookingid": 1152
    },
    {
        "bookingid": 777
    },
    {
        "bookingid": 653
    },
    {
        "bookingid": 867
    },
    {
        "bookingid": 1941
    },
    {
        "bookingid": 249
    },
    {
        "bookingid": 237
    },
    {
        "bookingid": 806
    },
    {
        "bookingid": 515
    },
    {
        "bookingid": 834
    },
    {
        "bookingid": 1001
    },
    {
        "bookingid": 1067
    },
    {
        "bookingid": 1619
    },
    {
        "bookingid": 2267
    },
    {
        "bookingid": 833
    },
    {
        "bookingid": 1669
    },
    {
        "bookingid": 2274
    },
    {
        "bookingid": 1589
    },
    {
        "bookingid": 708
    },
    {
        "bookingid": 1964
    },
    {
        "bookingid": 1101
    },
    {
        "bookingid": 1218
    },
    {
        "bookingid": 947
    },
    {
        "bookingid": 2163
    },
    {
        "bookingid": 1612
    },
    {
        "bookingid": 984
    },
    {
        "bookingid": 2170
    },
    {
        "bookingid": 186
    },
    {
        "bookingid": 513
    },
    {
        "bookingid": 457
    },
    {
        "bookingid": 1954
    },
    {
        "bookingid": 1182
    },
    {
        "bookingid": 1391
    },
    {
        "bookingid": 711
    },
    {
        "bookingid": 411
    },
    {
        "bookingid": 482
    },
    {
        "bookingid": 1250
    },
    {
        "bookingid": 2183
    },
    {
        "bookingid": 2231
    },
    {
        "bookingid": 2336
    },
    {
        "bookingid": 954
    },
    {
        "bookingid": 1062
    },
    {
        "bookingid": 1597
    },
    {
        "bookingid": 1686
    },
    {
        "bookingid": 1448
    },
    {
        "bookingid": 1926
    },
    {
        "bookingid": 1811
    },
    {
        "bookingid": 1504
    },
    {
        "bookingid": 638
    },
    {
        "bookingid": 847
    },
    {
        "bookingid": 22
    },
    {
        "bookingid": 1487
    },
    {
        "bookingid": 1511
    },
    {
        "bookingid": 35
    },
    {
        "bookingid": 373
    },
    {
        "bookingid": 187
    },
    {
        "bookingid": 1877
    },
    {
        "bookingid": 1400
    },
    {
        "bookingid": 477
    },
    {
        "bookingid": 39
    },
    {
        "bookingid": 1951
    },
    {
        "bookingid": 869
    },
    {
        "bookingid": 44
    },
    {
        "bookingid": 799
    },
    {
        "bookingid": 236
    },
    {
        "bookingid": 1912
    },
    {
        "bookingid": 1765
    },
    {
        "bookingid": 1333
    },
    {
        "bookingid": 1610
    },
    {
        "bookingid": 1717
    },
    {
        "bookingid": 395
    },
    {
        "bookingid": 1282
    },
    {
        "bookingid": 660
    },
    {
        "bookingid": 1875
    },
    {
        "bookingid": 285
    },
    {
        "bookingid": 1672
    },
    {
        "bookingid": 1455
    },
    {
        "bookingid": 1198
    },
    {
        "bookingid": 2255
    },
    {
        "bookingid": 1732
    },
    {
        "bookingid": 1827
    },
    {
        "bookingid": 634
    },
    {
        "bookingid": 1739
    },
    {
        "bookingid": 958
    },
    {
        "bookingid": 248
    },
    {
        "bookingid": 966
    },
    {
        "bookingid": 2320
    },
    {
        "bookingid": 1414
    },
    {
        "bookingid": 1132
    },
    {
        "bookingid": 1606
    },
    {
        "bookingid": 1540
    },
    {
        "bookingid": 159
    },
    {
        "bookingid": 768
    },
    {
        "bookingid": 140
    },
    {
        "bookingid": 594
    },
    {
        "bookingid": 1379
    },
    {
        "bookingid": 64
    },
    {
        "bookingid": 1759
    },
    {
        "bookingid": 949
    },
    {
        "bookingid": 1467
    },
    {
        "bookingid": 590
    },
    {
        "bookingid": 2137
    },
    {
        "bookingid": 75
    },
    {
        "bookingid": 2062
    },
    {
        "bookingid": 1304
    },
    {
        "bookingid": 1915
    },
    {
        "bookingid": 581
    },
    {
        "bookingid": 1647
    },
    {
        "bookingid": 770
    },
    {
        "bookingid": 1992
    },
    {
        "bookingid": 2258
    },
    {
        "bookingid": 1141
    },
    {
        "bookingid": 298
    },
    {
        "bookingid": 54
    },
    {
        "bookingid": 404
    },
    {
        "bookingid": 329
    },
    {
        "bookingid": 2038
    },
    {
        "bookingid": 1571
    },
    {
        "bookingid": 2089
    },
    {
        "bookingid": 1106
    },
    {
        "bookingid": 2129
    },
    {
        "bookingid": 567
    },
    {
        "bookingid": 1388
    },
    {
        "bookingid": 242
    },
    {
        "bookingid": 1570
    },
    {
        "bookingid": 2144
    },
    {
        "bookingid": 1406
    },
    {
        "bookingid": 881
    },
    {
        "bookingid": 70
    },
    {
        "bookingid": 1337
    },
    {
        "bookingid": 1233
    },
    {
        "bookingid": 1288
    },
    {
        "bookingid": 1268
    },
    {
        "bookingid": 1122
    },
    {
        "bookingid": 396
    },
    {
        "bookingid": 1713
    },
    {
        "bookingid": 467
    },
    {
        "bookingid": 45
    },
    {
        "bookingid": 760
    },
    {
        "bookingid": 2073
    },
    {
        "bookingid": 2050
    },
    {
        "bookingid": 1096
    },
    {
        "bookingid": 1463
    },
    {
        "bookingid": 2006
    },
    {
        "bookingid": 316
    },
    {
        "bookingid": 542
    },
    {
        "bookingid": 569
    },
    {
        "bookingid": 1020
    },
    {
        "bookingid": 987
    },
    {
        "bookingid": 709
    },
    {
        "bookingid": 967
    },
    {
        "bookingid": 538
    },
    {
        "bookingid": 2237
    },
    {
        "bookingid": 1822
    },
    {
        "bookingid": 14
    },
    {
        "bookingid": 2085
    },
    {
        "bookingid": 2245
    },
    {
        "bookingid": 1404
    },
    {
        "bookingid": 809
    },
    {
        "bookingid": 277
    },
    {
        "bookingid": 104
    },
    {
        "bookingid": 334
    },
    {
        "bookingid": 1324
    },
    {
        "bookingid": 1441
    },
    {
        "bookingid": 693
    },
    {
        "bookingid": 1867
    },
    {
        "bookingid": 982
    },
    {
        "bookingid": 586
    },
    {
        "bookingid": 2216
    },
    {
        "bookingid": 2250
    },
    {
        "bookingid": 2184
    },
    {
        "bookingid": 1975
    },
    {
        "bookingid": 2133
    },
    {
        "bookingid": 1063
    },
    {
        "bookingid": 1260
    },
    {
        "bookingid": 1408
    },
    {
        "bookingid": 113
    },
    {
        "bookingid": 1060
    },
    {
        "bookingid": 795
    },
    {
        "bookingid": 434
    },
    {
        "bookingid": 1234
    },
    {
        "bookingid": 1490
    },
    {
        "bookingid": 1843
    },
    {
        "bookingid": 830
    },
    {
        "bookingid": 2075
    },
    {
        "bookingid": 2167
    },
    {
        "bookingid": 2086
    },
    {
        "bookingid": 845
    },
    {
        "bookingid": 1203
    },
    {
        "bookingid": 2306
    },
    {
        "bookingid": 729
    },
    {
        "bookingid": 2339
    },
    {
        "bookingid": 688
    },
    {
        "bookingid": 1649
    },
    {
        "bookingid": 910
    },
    {
        "bookingid": 2016
    },
    {
        "bookingid": 613
    },
    {
        "bookingid": 1793
    },
    {
        "bookingid": 1516
    },
    {
        "bookingid": 779
    },
    {
        "bookingid": 1627
    },
    {
        "bookingid": 1559
    },
    {
        "bookingid": 877
    },
    {
        "bookingid": 531
    },
    {
        "bookingid": 281
    },
    {
        "bookingid": 387
    },
    {
        "bookingid": 2139
    },
    {
        "bookingid": 1968
    },
    {
        "bookingid": 84
    },
    {
        "bookingid": 1866
    },
    {
        "bookingid": 1115
    },
    {
        "bookingid": 1207
    },
    {
        "bookingid": 386
    },
    {
        "bookingid": 1800
    },
    {
        "bookingid": 2111
    },
    {
        "bookingid": 1697
    },
    {
        "bookingid": 1209
    },
    {
        "bookingid": 2115
    },
    {
        "bookingid": 2271
    },
    {
        "bookingid": 639
    },
    {
        "bookingid": 1258
    },
    {
        "bookingid": 1747
    },
    {
        "bookingid": 1499
    },
    {
        "bookingid": 407
    },
    {
        "bookingid": 238
    },
    {
        "bookingid": 626
    },
    {
        "bookingid": 1492
    },
    {
        "bookingid": 86
    },
    {
        "bookingid": 460
    },
    {
        "bookingid": 1642
    },
    {
        "bookingid": 1705
    },
    {
        "bookingid": 210
    },
    {
        "bookingid": 1174
    },
    {
        "bookingid": 60
    },
    {
        "bookingid": 970
    },
    {
        "bookingid": 245
    },
    {
        "bookingid": 365
    },
    {
        "bookingid": 1019
    },
    {
        "bookingid": 350
    },
    {
        "bookingid": 1032
    },
    {
        "bookingid": 200
    },
    {
        "bookingid": 705
    },
    {
        "bookingid": 1370
    },
    {
        "bookingid": 974
    },
    {
        "bookingid": 595
    },
    {
        "bookingid": 1399
    },
    {
        "bookingid": 981
    },
    {
        "bookingid": 1269
    },
    {
        "bookingid": 1159
    },
    {
        "bookingid": 1690
    },
    {
        "bookingid": 909
    },
    {
        "bookingid": 851
    },
    {
        "bookingid": 1312
    },
    {
        "bookingid": 258
    },
    {
        "bookingid": 1832
    },
    {
        "bookingid": 1480
    },
    {
        "bookingid": 2309
    },
    {
        "bookingid": 1788
    },
    {
        "bookingid": 124
    },
    {
        "bookingid": 1529
    },
    {
        "bookingid": 683
    },
    {
        "bookingid": 126
    },
    {
        "bookingid": 627
    },
    {
        "bookingid": 1561
    },
    {
        "bookingid": 1551
    },
    {
        "bookingid": 674
    },
    {
        "bookingid": 1279
    },
    {
        "bookingid": 496
    },
    {
        "bookingid": 1549
    },
    {
        "bookingid": 16
    },
    {
        "bookingid": 343
    },
    {
        "bookingid": 2322
    },
    {
        "bookingid": 1383
    },
    {
        "bookingid": 1259
    },
    {
        "bookingid": 2196
    },
    {
        "bookingid": 418
    },
    {
        "bookingid": 402
    },
    {
        "bookingid": 204
    },
    {
        "bookingid": 202
    },
    {
        "bookingid": 544
    },
    {
        "bookingid": 1351
    },
    {
        "bookingid": 673
    },
    {
        "bookingid": 2123
    },
    {
        "bookingid": 1994
    },
    {
        "bookingid": 1982
    },
    {
        "bookingid": 261
    },
    {
        "bookingid": 2283
    },
    {
        "bookingid": 393
    },
    {
        "bookingid": 424
    },
    {
        "bookingid": 1071
    },
    {
        "bookingid": 1865
    },
    {
        "bookingid": 483
    },
    {
        "bookingid": 1027
    },
    {
        "bookingid": 837
    },
    {
        "bookingid": 1232
    },
    {
        "bookingid": 1783
    },
    {
        "bookingid": 1632
    },
    {
        "bookingid": 803
    },
    {
        "bookingid": 1407
    },
    {
        "bookingid": 1296
    },
    {
        "bookingid": 1097
    },
    {
        "bookingid": 184
    },
    {
        "bookingid": 2254
    },
    {
        "bookingid": 1957
    },
    {
        "bookingid": 635
    },
    {
        "bookingid": 83
    },
    {
        "bookingid": 1246
    },
    {
        "bookingid": 82
    },
    {
        "bookingid": 1981
    },
    {
        "bookingid": 575
    },
    {
        "bookingid": 1512
    },
    {
        "bookingid": 2268
    },
    {
        "bookingid": 312
    },
    {
        "bookingid": 1985
    },
    {
        "bookingid": 875
    },
    {
        "bookingid": 1262
    },
    {
        "bookingid": 1270
    },
    {
        "bookingid": 1271
    },
    {
        "bookingid": 2036
    },
    {
        "bookingid": 417
    },
    {
        "bookingid": 1070
    },
    {
        "bookingid": 2224
    },
    {
        "bookingid": 746
    },
    {
        "bookingid": 1395
    },
    {
        "bookingid": 453
    },
    {
        "bookingid": 1310
    },
    {
        "bookingid": 507
    },
    {
        "bookingid": 2060
    },
    {
        "bookingid": 472
    },
    {
        "bookingid": 972
    },
    {
        "bookingid": 724
    },
    {
        "bookingid": 290
    },
    {
        "bookingid": 1474
    },
    {
        "bookingid": 2186
    },
    {
        "bookingid": 2347
    },
    {
        "bookingid": 2102
    },
    {
        "bookingid": 546
    },
    {
        "bookingid": 1771
    },
    {
        "bookingid": 66
    },
    {
        "bookingid": 606
    },
    {
        "bookingid": 77
    },
    {
        "bookingid": 853
    },
    {
        "bookingid": 621
    },
    {
        "bookingid": 720
    },
    {
        "bookingid": 1016
    },
    {
        "bookingid": 920
    },
    {
        "bookingid": 1835
    },
    {
        "bookingid": 1294
    },
    {
        "bookingid": 1943
    },
    {
        "bookingid": 1384
    },
    {
        "bookingid": 555
    },
    {
        "bookingid": 2340
    },
    {
        "bookingid": 1929
    },
    {
        "bookingid": 1213
    },
    {
        "bookingid": 108
    },
    {
        "bookingid": 2035
    },
    {
        "bookingid": 1639
    },
    {
        "bookingid": 421
    },
    {
        "bookingid": 1229
    },
    {
        "bookingid": 240
    },
    {
        "bookingid": 2280
    },
    {
        "bookingid": 528
    },
    {
        "bookingid": 1908
    },
    {
        "bookingid": 2131
    },
    {
        "bookingid": 1874
    },
    {
        "bookingid": 1175
    },
    {
        "bookingid": 888
    },
    {
        "bookingid": 1825
    },
    {
        "bookingid": 441
    },
    {
        "bookingid": 2235
    },
    {
        "bookingid": 155
    },
    {
        "bookingid": 2034
    },
    {
        "bookingid": 267
    },
    {
        "bookingid": 492
    },
    {
        "bookingid": 667
    },
    {
        "bookingid": 1424
    },
    {
        "bookingid": 361
    },
    {
        "bookingid": 414
    },
    {
        "bookingid": 423
    },
    {
        "bookingid": 177
    },
    {
        "bookingid": 1171
    },
    {
        "bookingid": 331
    },
    {
        "bookingid": 1340
    },
    {
        "bookingid": 932
    },
    {
        "bookingid": 2066
    },
    {
        "bookingid": 1387
    },
    {
        "bookingid": 2218
    },
    {
        "bookingid": 79
    },
    {
        "bookingid": 225
    },
    {
        "bookingid": 314
    },
    {
        "bookingid": 1465
    },
    {
        "bookingid": 2172
    },
    {
        "bookingid": 582
    },
    {
        "bookingid": 999
    },
    {
        "bookingid": 774
    },
    {
        "bookingid": 1276
    },
    {
        "bookingid": 1592
    },
    {
        "bookingid": 180
    },
    {
        "bookingid": 2082
    },
    {
        "bookingid": 821
    },
    {
        "bookingid": 1934
    },
    {
        "bookingid": 1069
    },
    {
        "bookingid": 715
    },
    {
        "bookingid": 1613
    },
    {
        "bookingid": 1041
    },
    {
        "bookingid": 1953
    },
    {
        "bookingid": 2100
    },
    {
        "bookingid": 681
    },
    {
        "bookingid": 98
    },
    {
        "bookingid": 704
    },
    {
        "bookingid": 1472
    },
    {
        "bookingid": 1961
    },
    {
        "bookingid": 695
    },
    {
        "bookingid": 1050
    },
    {
        "bookingid": 133
    },
    {
        "bookingid": 1113
    },
    {
        "bookingid": 1837
    },
    {
        "bookingid": 1166
    },
    {
        "bookingid": 1769
    },
    {
        "bookingid": 1469
    },
    {
        "bookingid": 521
    },
    {
        "bookingid": 1481
    },
    {
        "bookingid": 1580
    },
    {
        "bookingid": 2124
    },
    {
        "bookingid": 340
    },
    {
        "bookingid": 27
    },
    {
        "bookingid": 1475
    },
    {
        "bookingid": 220
    },
    {
        "bookingid": 1550
    },
    {
        "bookingid": 1753
    },
    {
        "bookingid": 654
    },
    {
        "bookingid": 529
    },
    {
        "bookingid": 1658
    },
    {
        "bookingid": 1635
    },
    {
        "bookingid": 171
    },
    {
        "bookingid": 906
    },
    {
        "bookingid": 1217
    },
    {
        "bookingid": 957
    },
    {
        "bookingid": 2093
    },
    {
        "bookingid": 1668
    },
    {
        "bookingid": 1970
    },
    {
        "bookingid": 1937
    },
    {
        "bookingid": 1575
    },
    {
        "bookingid": 228
    },
    {
        "bookingid": 1886
    },
    {
        "bookingid": 1157
    },
    {
        "bookingid": 1415
    },
    {
        "bookingid": 1971
    },
    {
        "bookingid": 132
    },
    {
        "bookingid": 1927
    },
    {
        "bookingid": 2217
    },
    {
        "bookingid": 2099
    },
    {
        "bookingid": 1766
    },
    {
        "bookingid": 1343
    },
    {
        "bookingid": 1568
    },
    {
        "bookingid": 610
    },
    {
        "bookingid": 1720
    },
    {
        "bookingid": 1026
    },
    {
        "bookingid": 2150
    },
    {
        "bookingid": 2069
    },
    {
        "bookingid": 682
    },
    {
        "bookingid": 517
    },
    {
        "bookingid": 7
    },
    {
        "bookingid": 1297
    },
    {
        "bookingid": 1764
    },
    {
        "bookingid": 857
    },
    {
        "bookingid": 241
    },
    {
        "bookingid": 1966
    },
    {
        "bookingid": 1405
    },
    {
        "bookingid": 289
    },
    {
        "bookingid": 899
    },
    {
        "bookingid": 448
    },
    {
        "bookingid": 1560
    },
    {
        "bookingid": 1718
    },
    {
        "bookingid": 541
    },
    {
        "bookingid": 284
    },
    {
        "bookingid": 1488
    },
    {
        "bookingid": 2156
    },
    {
        "bookingid": 1355
    },
    {
        "bookingid": 90
    },
    {
        "bookingid": 493
    },
    {
        "bookingid": 2096
    },
    {
        "bookingid": 767
    },
    {
        "bookingid": 1316
    },
    {
        "bookingid": 1147
    },
    {
        "bookingid": 40
    },
    {
        "bookingid": 2160
    },
    {
        "bookingid": 46
    },
    {
        "bookingid": 562
    },
    {
        "bookingid": 661
    },
    {
        "bookingid": 1309
    },
    {
        "bookingid": 146
    },
    {
        "bookingid": 758
    },
    {
        "bookingid": 234
    },
    {
        "bookingid": 1760
    },
    {
        "bookingid": 444
    },
    {
        "bookingid": 738
    },
    {
        "bookingid": 1018
    },
    {
        "bookingid": 282
    },
    {
        "bookingid": 1346
    },
    {
        "bookingid": 540
    },
    {
        "bookingid": 2276
    },
    {
        "bookingid": 362
    },
    {
        "bookingid": 1919
    },
    {
        "bookingid": 1749
    },
    {
        "bookingid": 1731
    },
    {
        "bookingid": 346
    },
    {
        "bookingid": 272
    },
    {
        "bookingid": 1108
    },
    {
        "bookingid": 1802
    },
    {
        "bookingid": 1664
    },
    {
        "bookingid": 1947
    },
    {
        "bookingid": 2228
    },
    {
        "bookingid": 2007
    },
    {
        "bookingid": 1899
    },
    {
        "bookingid": 1999
    },
    {
        "bookingid": 2343
    },
    {
        "bookingid": 2331
    },
    {
        "bookingid": 348
    },
    {
        "bookingid": 36
    },
    {
        "bookingid": 979
    },
    {
        "bookingid": 268
    },
    {
        "bookingid": 2004
    },
    {
        "bookingid": 1197
    },
    {
        "bookingid": 33
    },
    {
        "bookingid": 929
    },
    {
        "bookingid": 2087
    },
    {
        "bookingid": 451
    },
    {
        "bookingid": 274
    },
    {
        "bookingid": 1202
    },
    {
        "bookingid": 1033
    },
    {
        "bookingid": 2261
    },
    {
        "bookingid": 1814
    },
    {
        "bookingid": 804
    },
    {
        "bookingid": 2289
    },
    {
        "bookingid": 2063
    },
    {
        "bookingid": 1604
    },
    {
        "bookingid": 466
    },
    {
        "bookingid": 1804
    },
    {
        "bookingid": 1666
    },
    {
        "bookingid": 2243
    },
    {
        "bookingid": 163
    },
    {
        "bookingid": 1373
    },
    {
        "bookingid": 792
    },
    {
        "bookingid": 728
    },
    {
        "bookingid": 1349
    },
    {
        "bookingid": 1261
    },
    {
        "bookingid": 233
    },
    {
        "bookingid": 363
    },
    {
        "bookingid": 1621
    },
    {
        "bookingid": 2223
    },
    {
        "bookingid": 232
    },
    {
        "bookingid": 765
    },
    {
        "bookingid": 577
    },
    {
        "bookingid": 1995
    },
    {
        "bookingid": 15
    },
    {
        "bookingid": 1452
    },
    {
        "bookingid": 1844
    },
    {
        "bookingid": 1464
    },
    {
        "bookingid": 1356
    },
    {
        "bookingid": 2106
    },
    {
        "bookingid": 1336
    },
    {
        "bookingid": 1956
    },
    {
        "bookingid": 1121
    },
    {
        "bookingid": 2209
    },
    {
        "bookingid": 72
    },
    {
        "bookingid": 2264
    },
    {
        "bookingid": 919
    },
    {
        "bookingid": 1402
    },
    {
        "bookingid": 1538
    },
    {
        "bookingid": 321
    },
    {
        "bookingid": 1902
    },
    {
        "bookingid": 781
    },
    {
        "bookingid": 1360
    },
    {
        "bookingid": 1029
    },
    {
        "bookingid": 1906
    },
    {
        "bookingid": 2300
    },
    {
        "bookingid": 1457
    },
    {
        "bookingid": 787
    },
    {
        "bookingid": 1572
    },
    {
        "bookingid": 1859
    },
    {
        "bookingid": 408
    },
    {
        "bookingid": 1797
    },
    {
        "bookingid": 2031
    },
    {
        "bookingid": 755
    },
    {
        "bookingid": 604
    },
    {
        "bookingid": 1047
    },
    {
        "bookingid": 251
    },
    {
        "bookingid": 2094
    },
    {
        "bookingid": 2240
    },
    {
        "bookingid": 508
    },
    {
        "bookingid": 203
    },
    {
        "bookingid": 892
    },
    {
        "bookingid": 2210
    },
    {
        "bookingid": 1680
    },
    {
        "bookingid": 377
    },
    {
        "bookingid": 788
    },
    {
        "bookingid": 1435
    },
    {
        "bookingid": 656
    },
    {
        "bookingid": 650
    },
    {
        "bookingid": 950
    },
    {
        "bookingid": 1155
    },
    {
        "bookingid": 1291
    },
    {
        "bookingid": 564
    },
    {
        "bookingid": 1586
    },
    {
        "bookingid": 497
    },
    {
        "bookingid": 324
    },
    {
        "bookingid": 1805
    },
    {
        "bookingid": 48
    },
    {
        "bookingid": 1655
    },
    {
        "bookingid": 1885
    },
    {
        "bookingid": 811
    },
    {
        "bookingid": 1727
    },
    {
        "bookingid": 211
    },
    {
        "bookingid": 2015
    },
    {
        "bookingid": 162
    },
    {
        "bookingid": 469
    },
    {
        "bookingid": 1223
    },
    {
        "bookingid": 2091
    },
    {
        "bookingid": 1847
    },
    {
        "bookingid": 601
    },
    {
        "bookingid": 1962
    },
    {
        "bookingid": 197
    },
    {
        "bookingid": 2173
    },
    {
        "bookingid": 306
    },
    {
        "bookingid": 1137
    },
    {
        "bookingid": 1082
    },
    {
        "bookingid": 1204
    },
    {
        "bookingid": 810
    },
    {
        "bookingid": 1056
    },
    {
        "bookingid": 2303
    },
    {
        "bookingid": 1058
    },
    {
        "bookingid": 2076
    },
    {
        "bookingid": 2213
    },
    {
        "bookingid": 214
    },
    {
        "bookingid": 753
    },
    {
        "bookingid": 1659
    },
    {
        "bookingid": 1303
    },
    {
        "bookingid": 2175
    },
    {
        "bookingid": 2291
    },
    {
        "bookingid": 1858
    },
    {
        "bookingid": 1087
    },
    {
        "bookingid": 51
    },
    {
        "bookingid": 666
    },
    {
        "bookingid": 415
    },
    {
        "bookingid": 1242
    },
    {
        "bookingid": 1482
    },
    {
        "bookingid": 1315
    },
    {
        "bookingid": 1723
    },
    {
        "bookingid": 1778
    },
    {
        "bookingid": 668
    },
    {
        "bookingid": 2334
    },
    {
        "bookingid": 1089
    },
    {
        "bookingid": 1603
    },
    {
        "bookingid": 1923
    },
    {
        "bookingid": 736
    },
    {
        "bookingid": 2103
    },
    {
        "bookingid": 296
    },
    {
        "bookingid": 13
    },
    {
        "bookingid": 1791
    },
    {
        "bookingid": 2020
    },
    {
        "bookingid": 1154
    },
    {
        "bookingid": 1372
    },
    {
        "bookingid": 264
    },
    {
        "bookingid": 796
    },
    {
        "bookingid": 1856
    },
    {
        "bookingid": 67
    },
    {
        "bookingid": 1044
    },
    {
        "bookingid": 478
    },
    {
        "bookingid": 1390
    },
    {
        "bookingid": 1892
    },
    {
        "bookingid": 1711
    },
    {
        "bookingid": 1698
    },
    {
        "bookingid": 1129
    },
    {
        "bookingid": 547
    },
    {
        "bookingid": 1849
    },
    {
        "bookingid": 1422
    },
    {
        "bookingid": 2284
    },
    {
        "bookingid": 59
    },
    {
        "bookingid": 1330
    },
    {
        "bookingid": 2191
    },
    {
        "bookingid": 665
    },
    {
        "bookingid": 118
    },
    {
        "bookingid": 842
    },
    {
        "bookingid": 2338
    },
    {
        "bookingid": 2027
    },
    {
        "bookingid": 8
    },
    {
        "bookingid": 436
    },
    {
        "bookingid": 687
    },
    {
        "bookingid": 839
    },
    {
        "bookingid": 2292
    },
    {
        "bookingid": 700
    },
    {
        "bookingid": 911
    },
    {
        "bookingid": 1216
    },
    {
        "bookingid": 47
    },
    {
        "bookingid": 561
    },
    {
        "bookingid": 109
    },
    {
        "bookingid": 1851
    },
    {
        "bookingid": 798
    },
    {
        "bookingid": 116
    },
    {
        "bookingid": 2022
    },
    {
        "bookingid": 332
    },
    {
        "bookingid": 1787
    },
    {
        "bookingid": 1935
    },
    {
        "bookingid": 2314
    },
    {
        "bookingid": 1295
    },
    {
        "bookingid": 2151
    },
    {
        "bookingid": 1834
    },
    {
        "bookingid": 359
    },
    {
        "bookingid": 301
    },
    {
        "bookingid": 1156
    },
    {
        "bookingid": 2256
    },
    {
        "bookingid": 1311
    },
    {
        "bookingid": 631
    },
    {
        "bookingid": 1078
    },
    {
        "bookingid": 1498
    },
    {
        "bookingid": 939
    },
    {
        "bookingid": 208
    },
    {
        "bookingid": 1525
    },
    {
        "bookingid": 178
    },
    {
        "bookingid": 986
    },
    {
        "bookingid": 1064
    },
    {
        "bookingid": 1450
    },
    {
        "bookingid": 1102
    },
    {
        "bookingid": 818
    },
    {
        "bookingid": 294
    },
    {
        "bookingid": 2070
    },
    {
        "bookingid": 1699
    },
    {
        "bookingid": 1186
    },
    {
        "bookingid": 10
    },
    {
        "bookingid": 1256
    },
    {
        "bookingid": 429
    },
    {
        "bookingid": 145
    },
    {
        "bookingid": 537
    },
    {
        "bookingid": 525
    },
    {
        "bookingid": 1663
    },
    {
        "bookingid": 1945
    },
    {
        "bookingid": 1014
    },
    {
        "bookingid": 701
    },
    {
        "bookingid": 1873
    },
    {
        "bookingid": 1085
    },
    {
        "bookingid": 2127
    },
    {
        "bookingid": 2092
    },
    {
        "bookingid": 1284
    },
    {
        "bookingid": 1754
    },
    {
        "bookingid": 1817
    },
    {
        "bookingid": 1065
    },
    {
        "bookingid": 607
    },
    {
        "bookingid": 2040
    },
    {
        "bookingid": 1676
    },
    {
        "bookingid": 1180
    },
    {
        "bookingid": 1426
    },
    {
        "bookingid": 381
    },
    {
        "bookingid": 2204
    },
    {
        "bookingid": 1208
    },
    {
        "bookingid": 1411
    },
    {
        "bookingid": 2116
    },
    {
        "bookingid": 1374
    }
]
]]></system-out>
  </testcase>
  <testcase name="GetBookingIds" classname="ApiTest" time="0.976">
    <system-out><![CDATA[[
    {
        "bookingid": 1151
    },
    {
        "bookingid": 900
    },
    {
        "bookingid": 1779
    },
    {
        "bookingid": 935
    },
    {
        "bookingid": 623
    },
    {
        "bookingid": 1648
    },
    {
        "bookingid": 399
    },
    {
        "bookingid": 1901
    },
    {
        "bookingid": 1127
    },
    {
        "bookingid": 62
    },
    {
        "bookingid": 826
    },
    {
        "bookingid": 2290
    },
    {
        "bookingid": 151
    },
    {
        "bookingid": 936
    },
    {
        "bookingid": 1591
    },
    {
        "bookingid": 1138
    },
    {
        "bookingid": 17
    },
    {
        "bookingid": 2174
    },
    {
        "bookingid": 183
    },
    {
        "bookingid": 1665
    },
    {
        "bookingid": 903
    },
    {
        "bookingid": 1098
    },
    {
        "bookingid": 2157
    },
    {
        "bookingid": 1748
    },
    {
        "bookingid": 1543
    },
    {
        "bookingid": 32
    },
    {
        "bookingid": 1005
    },
    {
        "bookingid": 1012
    },
    {
        "bookingid": 169
    },
    {
        "bookingid": 1013
    },
    {
        "bookingid": 2198
    },
    {
        "bookingid": 2190
    },
    {
        "bookingid": 50
    },
    {
        "bookingid": 848
    },
    {
        "bookingid": 223
    },
    {
        "bookingid": 1532
    },
    {
        "bookingid": 1836
    },
    {
        "bookingid": 352
    },
    {
        "bookingid": 955
    },
    {
        "bookingid": 409
    },
    {
        "bookingid": 125
    },
    {
        "bookingid": 168
    },
    {
        "bookingid": 1922
    },
    {
        "bookingid": 1226
    },
    {
        "bookingid": 360
    },
    {
        "bookingid": 1022
    },
    {
        "bookingid": 884
    },
    {
        "bookingid": 1918
    },
    {
        "bookingid": 1321
    },
    {
        "bookingid": 1756
    },
    {
        "bookingid": 990
    },
    {
        "bookingid": 1410
    },
    {
        "bookingid": 293
    },
    {
        "bookingid": 1394
    },
    {
        "bookingid": 1334
    },
    {
        "bookingid": 2003
    },
    {
        "bookingid": 1678
    },
    {
        "bookingid": 1728
    },
    {
        "bookingid": 273
    },
    {
        "bookingid": 92
    },
    {
        "bookingid": 1219
    },
    {
        "bookingid": 1347
    },
    {
        "bookingid": 218
    },
    {
        "bookingid": 259
    },
    {
        "bookingid": 1790
    },
    {
        "bookingid": 144
    },
    {
        "bookingid": 2317
    },
    {
        "bookingid": 791
    },
    {
        "bookingid": 1118
    },
    {
        "bookingid": 1192
    },
    {
        "bookingid": 933
    },
    {
        "bookingid": 1305
    },
    {
        "bookingid": 192
    },
    {
        "bookingid": 1631
    },
    {
        "bookingid": 993
    },
    {
        "bookingid": 985
    },
    {
        "bookingid": 1393
    },
    {
        "bookingid": 372
    },
    {
        "bookingid": 432
    },
    {
        "bookingid": 1054
    },
    {
        "bookingid": 1810
    },
    {
        "bookingid": 1579
    },
    {
        "bookingid": 1494
    },
    {
        "bookingid": 2311
    },
    {
        "bookingid": 1320
    },
    {
        "bookingid": 43
    },
    {
        "bookingid": 1162
    },
    {
        "bookingid": 943
    },
    {
        "bookingid": 1738
    },
    {
        "bookingid": 1806
    },
    {
        "bookingid": 573
    },
    {
        "bookingid": 1782
    },
    {
        "bookingid": 2145
    },
    {
        "bookingid": 433
    },
    {
        "bookingid": 2019
    },
    {
        "bookingid": 2238
    },
    {
        "bookingid": 167
    },
    {
        "bookingid": 1826
    },
    {
        "bookingid": 1657
    },
    {
        "bookingid": 838
    },
    {
        "bookingid": 1247
    },
    {
        "bookingid": 1896
    },
    {
        "bookingid": 2120
    },
    {
        "bookingid": 1712
    },
    {
        "bookingid": 580
    },
    {
        "bookingid": 2189
    },
    {
        "bookingid": 1692
    },
    {
        "bookingid": 1807
    },
    {
        "bookingid": 1136
    },
    {
        "bookingid": 1633
    },
    {
        "bookingid": 722
    },
    {
        "bookingid": 1183
    },
    {
        "bookingid": 1517
    },
    {
        "bookingid": 864
    },
    {
        "bookingid": 2118
    },
    {
        "bookingid": 1306
    },
    {
        "bookingid": 783
    },
    {
        "bookingid": 782
    },
    {
        "bookingid": 1290
    },
    {
        "bookingid": 1011
    },
    {
        "bookingid": 499
    },
    {
        "bookingid": 644
    },
    {
        "bookingid": 692
    },
    {
        "bookingid": 1116
    },
    {
        "bookingid": 2112
    },
    {
        "bookingid": 461
    },
    {
        "bookingid": 291
    },
    {
        "bookingid": 2013
    },
    {
        "bookingid": 1076
    },
    {
        "bookingid": 1682
    },
    {
        "bookingid": 535
    },
    {
        "bookingid": 1555
    },
    {
        "bookingid": 25
    },
    {
        "bookingid": 1685
    },
    {
        "bookingid": 320
    },
    {
        "bookingid": 2323
    },
    {
        "bookingid": 2326
    },
    {
        "bookingid": 511
    },
    {
        "bookingid": 1762
    },
    {
        "bookingid": 636
    },
    {
        "bookingid": 2222
    },
    {
        "bookingid": 1470
    },
    {
        "bookingid": 347
    },
    {
        "bookingid": 824
    },
    {
        "bookingid": 614
    },
    {
        "bookingid": 1596
    },
    {
        "bookingid": 2049
    },
    {
        "bookingid": 651
    },
    {
        "bookingid": 172
    },
    {
        "bookingid": 927
    },
    {
        "bookingid": 2297
    },
    {
        "bookingid": 1088
    },
    {
        "bookingid": 325
    },
    {
        "bookingid": 2350
    },
    {
        "bookingid": 1189
    },
    {
        "bookingid": 921
    },
    {
        "bookingid": 337
    },
    {
        "bookingid": 1153
    },
    {
        "bookingid": 239
    },
    {
        "bookingid": 69
    },
    {
        "bookingid": 530
    },
    {
        "bookingid": 2039
    },
    {
        "bookingid": 2130
    },
    {
        "bookingid": 1741
    },
    {
        "bookingid": 2054
    },
    {
        "bookingid": 2105
    },
    {
        "bookingid": 26
    },
    {
        "bookingid": 106
    },
    {
        "bookingid": 456
    },
    {
        "bookingid": 235
    },
    {
        "bookingid": 1726
    },
    {
        "bookingid": 1368
    },
    {
        "bookingid": 1236
    },
    {
        "bookingid": 317
    },
    {
        "bookingid": 18
    },
    {
        "bookingid": 2329
    },
    {
        "bookingid": 1382
    },
    {
        "bookingid": 763
    },
    {
        "bookingid": 1507
    },
    {
        "bookingid": 392
    },
    {
        "bookingid": 1823
    },
    {
        "bookingid": 1277
    },
    {
        "bookingid": 1068
    },
    {
        "bookingid": 1038
    },
    {
        "bookingid": 617
    },
    {
        "bookingid": 2219
    },
    {
        "bookingid": 752
    },
    {
        "bookingid": 1028
    },
    {
        "bookingid": 371
    },
    {
        "bookingid": 135
    },
    {
        "bookingid": 1438
    },
    {
        "bookingid": 356
    },
    {
        "bookingid": 1362
    },
    {
        "bookingid": 410
    },
    {
        "bookingid": 1434
    },
    {
        "bookingid": 1624
    },
    {
        "bookingid": 1662
    },
    {
        "bookingid": 199
    },
    {
        "bookingid": 894
    },
    {
        "bookingid": 1035
    },
    {
        "bookingid": 1868
    },
    {
        "bookingid": 571
    },
    {
        "bookingid": 731
    },
    {
        "bookingid": 4
    },
    {
        "bookingid": 1840
    },
    {
        "bookingid": 1168
    },
    {
        "bookingid": 2147
    },
    {
        "bookingid": 1341
    },
    {
        "bookingid": 2230
    },
    {
        "bookingid": 1567
    },
    {
        "bookingid": 2304
    },
    {
        "bookingid": 2072
    },
    {
        "bookingid": 1546
    },
    {
        "bookingid": 61
    },
    {
        "bookingid": 68
    },
    {
        "bookingid": 254
    },
    {
        "bookingid": 196
    },
    {
        "bookingid": 814
    },
    {
        "bookingid": 854
    },
    {
        "bookingid": 276
    },
    {
        "bookingid": 1696
    },
    {
        "bookingid": 1799
    },
    {
        "bookingid": 1486
    },
    {
        "bookingid": 2121
    },
    {
        "bookingid": 1691
    },
    {
        "bookingid": 1421
    },
    {
        "bookingid": 925
    },
    {
        "bookingid": 776
    },
    {
        "bookingid": 464
    },
    {
        "bookingid": 445
    },
    {
        "bookingid": 2165
    },
    {
        "bookingid": 358
    },
    {
        "bookingid": 2319
    },
    {
        "bookingid": 1104
    },
    {
        "bookingid": 2282
    },
    {
        "bookingid": 578
    },
    {
        "bookingid": 2294
    },
    {
        "bookingid": 189
    },
    {
        "bookingid": 427
    },
    {
        "bookingid": 628
    },
    {
        "bookingid": 1006
    },
    {
        "bookingid": 1211
    },
    {
        "bookingid": 2257
    },
    {
        "bookingid": 2033
    },
    {
        "bookingid": 450
    },
    {
        "bookingid": 1588
    },
    {
        "bookingid": 532
    },
    {
        "bookingid": 160
    },
    {
        "bookingid": 2249
    },
    {
        "bookingid": 1946
    },
    {
        "bookingid": 1301
    },
    {
        "bookingid": 12
    },
    {
        "bookingid": 526
    },
    {
        "bookingid": 1163
    },
    {
        "bookingid": 904
    },
    {
        "bookingid": 969
    },
    {
        "bookingid": 543
    },
    {
        "bookingid": 2065
    },
    {
        "bookingid": 1558
    },
    {
        "bookingid": 1972
    },
    {
        "bookingid": 1897
    },
    {
        "bookingid": 2229
    },
    {
        "bookingid": 1461
    },
    {
        "bookingid": 9
    },
    {
        "bookingid": 1145
    },
    {
        "bookingid": 879
    },
    {
        "bookingid": 1609
    },
    {
        "bookingid": 1178
    },
    {
        "bookingid": 1625
    },
    {
        "bookingid": 805
    },
    {
        "bookingid": 944
    },
    {
        "bookingid": 1605
    },
    {
        "bookingid": 1537
    },
    {
        "bookingid": 1643
    },
    {
        "bookingid": 1860
    },
    {
        "bookingid": 243
    },
    {
        "bookingid": 2155
    },
    {
        "bookingid": 1338
    },
    {
        "bookingid": 193
    },
    {
        "bookingid": 980
    },
    {
        "bookingid": 1864
    },
    {
        "bookingid": 994
    },
    {
        "bookingid": 1195
    },
    {
        "bookingid": 2056
    },
    {
        "bookingid": 1443
    },
    {
        "bookingid": 1916
    },
    {
        "bookingid": 996
    },
    {
        "bookingid": 1201
    },
    {
        "bookingid": 299
    },
    {
        "bookingid": 224
    },
    {
        "bookingid": 1701
    },
    {
        "bookingid": 739
    },
    {
        "bookingid": 1848
    },
    {
        "bookingid": 367
    },
    {
        "bookingid": 71
    },
    {
        "bookingid": 550
    },
    {
        "bookingid": 2197
    },
    {
        "bookingid": 156
    },
    {
        "bookingid": 1053
    },
    {
        "bookingid": 2074
    },
    {
        "bookingid": 370
    },
    {
        "bookingid": 1880
    },
    {
        "bookingid": 311
    },
    {
        "bookingid": 2166
    },
    {
        "bookingid": 5
    },
    {
        "bookingid": 1493
    },
    {
        "bookingid": 1363
    },
    {
        "bookingid": 11
    },
    {
        "bookingid": 1930
    },
    {
        "bookingid": 1818
    },
    {
        "bookingid": 822
    },
    {
        "bookingid": 2052
    },
    {
        "bookingid": 446
    },
    {
        "bookingid": 1319
    },
    {
        "bookingid": 1932
    },
    {
        "bookingid": 93
    },
    {
        "bookingid": 1479
    },
    {
        "bookingid": 1352
    },
    {
        "bookingid": 1531
    },
    {
        "bookingid": 2346
    },
    {
        "bookingid": 1660
    },
    {
        "bookingid": 1285
    },
    {
        "bookingid": 1440
    },
    {
        "bookingid": 431
    },
    {
        "bookingid": 1620
    },
    {
        "bookingid": 443
    },
    {
        "bookingid": 1784
    },
    {
        "bookingid": 2205
    },
    {
        "bookingid": 2107
    },
    {
        "bookingid": 556
    },
    {
        "bookingid": 2201
    },
    {
        "bookingid": 153
    },
    {
        "bookingid": 1231
    },
    {
        "bookingid": 1221
    },
    {
        "bookingid": 1418
    },
    {
        "bookingid": 2298
    },
    {
        "bookingid": 138
    },
    {
        "bookingid": 166
    },
    {
        "bookingid": 89
    },
    {
        "bookingid": 2176
    },
    {
        "bookingid": 102
    },
    {
        "bookingid": 287
    },
    {
        "bookingid": 1267
    },
    {
        "bookingid": 852
    },
    {
        "bookingid": 29
    },
    {
        "bookingid": 997
    },
    {
        "bookingid": 2180
    },
    {
        "bookingid": 870
    },
    {
        "bookingid": 1008
    },
    {
        "bookingid": 686
    },
    {
        "bookingid": 1040
    },
    {
        "bookingid": 956
    },
    {
        "bookingid": 723
    },
    {
        "bookingid": 1002
    },
    {
        "bookingid": 1743
    },
    {
        "bookingid": 1977
    },
    {
        "bookingid": 1729
    },
    {
        "bookingid": 825
    },
    {
        "bookingid": 1745
    },
    {
        "bookingid": 961
    },
    {
        "bookingid": 458
    },
    {
        "bookingid": 808
    },
    {
        "bookingid": 836
    },
    {
        "bookingid": 624
    },
    {
        "bookingid": 1021
    },
    {
        "bookingid": 1634
    },
    {
        "bookingid": 647
    },
    {
        "bookingid": 389
    },
    {
        "bookingid": 548
    },
    {
        "bookingid": 504
    },
    {
        "bookingid": 1775
    },
    {
        "bookingid": 2239
    },
    {
        "bookingid": 1920
    },
    {
        "bookingid": 858
    },
    {
        "bookingid": 609
    },
    {
        "bookingid": 2330
    },
    {
        "bookingid": 335
    },
    {
        "bookingid": 318
    },
    {
        "bookingid": 1524
    },
    {
        "bookingid": 112
    },
    {
        "bookingid": 1417
    },
    {
        "bookingid": 926
    },
    {
        "bookingid": 1573
    },
    {
        "bookingid": 762
    },
    {
        "bookingid": 1556
    },
    {
        "bookingid": 388
    },
    {
        "bookingid": 1142
    },
    {
        "bookingid": 123
    },
    {
        "bookingid": 3
    },
    {
        "bookingid": 1724
    },
    {
        "bookingid": 479
    },
    {
        "bookingid": 2203
    },
    {
        "bookingid": 672
    },
    {
        "bookingid": 182
    },
    {
        "bookingid": 1345
    },
    {
        "bookingid": 95
    },
    {
        "bookingid": 2212
    },
    {
        "bookingid": 212
    },
    {
        "bookingid": 1518
    },
    {
        "bookingid": 1495
    },
    {
        "bookingid": 1763
    },
    {
        "bookingid": 1684
    },
    {
        "bookingid": 1505
    },
    {
        "bookingid": 568
    },
    {
[...]
        "bookingid": 705
    },
    {
        "bookingid": 1370
    },
    {
        "bookingid": 974
    },
    {
        "bookingid": 595
    },
    {
        "bookingid": 1399
    },
    {
        "bookingid": 981
    },
    {
        "bookingid": 1269
    },
    {
        "bookingid": 1159
    },
    {
        "bookingid": 1690
    },
    {
        "bookingid": 909
    },
    {
        "bookingid": 851
    },
    {
        "bookingid": 1312
    },
    {
        "bookingid": 258
    },
    {
        "bookingid": 1832
    },
    {
        "bookingid": 1480
    },
    {
        "bookingid": 2309
    },
    {
        "bookingid": 1788
    },
    {
        "bookingid": 124
    },
    {
        "bookingid": 1529
    },
    {
        "bookingid": 683
    },
    {
        "bookingid": 126
    },
    {
        "bookingid": 627
    },
    {
        "bookingid": 1561
    },
    {
        "bookingid": 1551
    },
    {
        "bookingid": 674
    },
    {
        "bookingid": 1279
    },
    {
        "bookingid": 496
    },
    {
        "bookingid": 1549
    },
    {
        "bookingid": 16
    },
    {
        "bookingid": 343
    },
    {
        "bookingid": 2322
    },
    {
        "bookingid": 1383
    },
    {
        "bookingid": 1259
    },
    {
        "bookingid": 2196
    },
    {
        "bookingid": 418
    },
    {
        "bookingid": 402
    },
    {
        "bookingid": 204
    },
    {
        "bookingid": 202
    },
    {
        "bookingid": 544
    },
    {
        "bookingid": 1351
    },
    {
        "bookingid": 673
    },
    {
        "bookingid": 2123
    },
    {
        "bookingid": 1994
    },
    {
        "bookingid": 1982
    },
    {
        "bookingid": 261
    },
    {
        "bookingid": 2283
    },
    {
        "bookingid": 393
    },
    {
        "bookingid": 424
    },
    {
        "bookingid": 1071
    },
    {
        "bookingid": 1865
    },
    {
        "bookingid": 483
    },
    {
        "bookingid": 1027
    },
    {
        "bookingid": 837
    },
    {
        "bookingid": 1232
    },
    {
        "bookingid": 1783
    },
    {
        "bookingid": 1632
    },
    {
        "bookingid": 803
    },
    {
        "bookingid": 1407
    },
    {
        "bookingid": 1296
    },
    {
        "bookingid": 1097
    },
    {
        "bookingid": 184
    },
    {
        "bookingid": 2254
    },
    {
        "bookingid": 1957
    },
    {
        "bookingid": 635
    },
    {
        "bookingid": 83
    },
    {
        "bookingid": 1246
    },
    {
        "bookingid": 82
    },
    {
        "bookingid": 1981
    },
    {
        "bookingid": 575
    },
    {
        "bookingid": 1512
    },
    {
        "bookingid": 2268
    },
    {
        "bookingid": 312
    },
    {
        "bookingid": 1985
    },
    {
        "bookingid": 875
    },
    {
        "bookingid": 1262
    },
    {
        "bookingid": 1270
    },
    {
        "bookingid": 1271
    },
    {
        "bookingid": 2036
    },
    {
        "bookingid": 417
    },
    {
        "bookingid": 1070
    },
    {
        "bookingid": 2224
    },
    {
        "bookingid": 746
    },
    {
        "bookingid": 1395
    },
    {
        "bookingid": 453
    },
    {
        "bookingid": 1310
    },
    {
        "bookingid": 507
    },
    {
        "bookingid": 2060
    },
    {
        "bookingid": 472
    },
    {
        "bookingid": 972
    },
    {
        "bookingid": 724
    },
    {
        "bookingid": 290
    },
    {
        "bookingid": 1474
    },
    {
        "bookingid": 2186
    },
    {
        "bookingid": 2347
    },
    {
        "bookingid": 2102
    },
    {
        "bookingid": 546
    },
    {
        "bookingid": 1771
    },
    {
        "bookingid": 66
    },
    {
        "bookingid": 606
    },
    {
        "bookingid": 77
    },
    {
        "bookingid": 853
    },
    {
        "bookingid": 621
    },
    {
        "bookingid": 720
    },
    {
        "bookingid": 1016
    },
    {
        "bookingid": 920
    },
    {
        "bookingid": 1835
    },
    {
        "bookingid": 1294
    },
    {
        "bookingid": 1943
    },
    {
        "bookingid": 1384
    },
    {
        "bookingid": 555
    },
    {
        "bookingid": 2340
    },
    {
        "bookingid": 1929
    },
    {
        "bookingid": 1213
    },
    {
        "bookingid": 108
    },
    {
        "bookingid": 2035
    },
    {
        "bookingid": 1639
    },
    {
        "bookingid": 421
    },
    {
        "bookingid": 1229
    },
    {
        "bookingid": 240
    },
    {
        "bookingid": 2280
    },
    {
        "bookingid": 528
    },
    {
        "bookingid": 1908
    },
    {
        "bookingid": 2131
    },
    {
        "bookingid": 1874
    },
    {
        "bookingid": 1175
    },
    {
        "bookingid": 888
    },
    {
        "bookingid": 1825
    },
    {
        "bookingid": 441
    },
    {
        "bookingid": 2235
    },
    {
        "bookingid": 155
    },
    {
        "bookingid": 2034
    },
    {
        "bookingid": 267
    },
    {
        "bookingid": 492
    },
    {
        "bookingid": 667
    },
    {
        "bookingid": 1424
    },
    {
        "bookingid": 361
    },
    {
        "bookingid": 414
    },
    {
        "bookingid": 423
    },
    {
        "bookingid": 177
    },
    {
        "bookingid": 1171
    },
    {
        "bookingid": 331
    },
    {
        "bookingid": 1340
    },
    {
        "bookingid": 932
    },
    {
        "bookingid": 2066
    },
    {
        "bookingid": 1387
    },
    {
        "bookingid": 2218
    },
    {
        "bookingid": 79
    },
    {
        "bookingid": 225
    },
    {
        "bookingid": 314
    },
    {
        "bookingid": 1465
    },
    {
        "bookingid": 2172
    },
    {
        "bookingid": 582
    },
    {
        "bookingid": 999
    },
    {
        "bookingid": 774
    },
    {
        "bookingid": 1276
    },
    {
        "bookingid": 1592
    },
    {
        "bookingid": 180
    },
    {
        "bookingid": 2082
    },
    {
        "bookingid": 821
    },
    {
        "bookingid": 1934
    },
    {
        "bookingid": 1069
    },
    {
        "bookingid": 715
    },
    {
        "bookingid": 1613
    },
    {
        "bookingid": 1041
    },
    {
        "bookingid": 1953
    },
    {
        "bookingid": 2100
    },
    {
        "bookingid": 681
    },
    {
        "bookingid": 98
    },
    {
        "bookingid": 704
    },
    {
        "bookingid": 1472
    },
    {
        "bookingid": 1961
    },
    {
        "bookingid": 695
    },
    {
        "bookingid": 1050
    },
    {
        "bookingid": 133
    },
    {
        "bookingid": 1113
    },
    {
        "bookingid": 1837
    },
    {
        "bookingid": 1166
    },
    {
        "bookingid": 1769
    },
    {
        "bookingid": 1469
    },
    {
        "bookingid": 521
    },
    {
        "bookingid": 1481
    },
    {
        "bookingid": 1580
    },
    {
        "bookingid": 2124
    },
    {
        "bookingid": 340
    },
    {
        "bookingid": 27
    },
    {
        "bookingid": 1475
    },
    {
        "bookingid": 220
    },
    {
        "bookingid": 1550
    },
    {
        "bookingid": 1753
    },
    {
        "bookingid": 654
    },
    {
        "bookingid": 529
    },
    {
        "bookingid": 1658
    },
    {
        "bookingid": 1635
    },
    {
        "bookingid": 171
    },
    {
        "bookingid": 906
    },
    {
        "bookingid": 1217
    },
    {
        "bookingid": 957
    },
    {
        "bookingid": 2093
    },
    {
        "bookingid": 1668
    },
    {
        "bookingid": 1970
    },
    {
        "bookingid": 1937
    },
    {
        "bookingid": 1575
    },
    {
        "bookingid": 228
    },
    {
        "bookingid": 1886
    },
    {
        "bookingid": 1157
    },
    {
        "bookingid": 1415
    },
    {
        "bookingid": 1971
    },
    {
        "bookingid": 132
    },
    {
        "bookingid": 1927
    },
    {
        "bookingid": 2217
    },
    {
        "bookingid": 2099
    },
    {
        "bookingid": 1766
    },
    {
        "bookingid": 1343
    },
    {
        "bookingid": 1568
    },
    {
        "bookingid": 610
    },
    {
        "bookingid": 1720
    },
    {
        "bookingid": 1026
    },
    {
        "bookingid": 2150
    },
    {
        "bookingid": 2069
    },
    {
        "bookingid": 682
    },
    {
        "bookingid": 517
    },
    {
        "bookingid": 7
    },
    {
        "bookingid": 1297
    },
    {
        "bookingid": 1764
    },
    {
        "bookingid": 857
    },
    {
        "bookingid": 241
    },
    {
        "bookingid": 1966
    },
    {
        "bookingid": 1405
    },
    {
        "bookingid": 289
    },
    {
        "bookingid": 899
    },
    {
        "bookingid": 2349
    },
    {
        "bookingid": 448
    },
    {
        "bookingid": 1560
    },
    {
        "bookingid": 1718
    },
    {
        "bookingid": 541
    },
    {
        "bookingid": 284
    },
    {
        "bookingid": 1488
    },
    {
        "bookingid": 2156
    },
    {
        "bookingid": 1355
    },
    {
        "bookingid": 90
    },
    {
        "bookingid": 493
    },
    {
        "bookingid": 2096
    },
    {
        "bookingid": 767
    },
    {
        "bookingid": 1316
    },
    {
        "bookingid": 1147
    },
    {
        "bookingid": 40
    },
    {
        "bookingid": 2160
    },
    {
        "bookingid": 46
    },
    {
        "bookingid": 562
    },
    {
        "bookingid": 661
    },
    {
        "bookingid": 1309
    },
    {
        "bookingid": 146
    },
    {
        "bookingid": 758
    },
    {
        "bookingid": 234
    },
    {
        "bookingid": 1760
    },
    {
        "bookingid": 444
    },
    {
        "bookingid": 738
    },
    {
        "bookingid": 1018
    },
    {
        "bookingid": 282
    },
    {
        "bookingid": 1346
    },
    {
        "bookingid": 540
    },
    {
        "bookingid": 2276
    },
    {
        "bookingid": 362
    },
    {
        "bookingid": 1919
    },
    {
        "bookingid": 1749
    },
    {
        "bookingid": 1731
    },
    {
        "bookingid": 346
    },
    {
        "bookingid": 272
    },
    {
        "bookingid": 1108
    },
    {
        "bookingid": 1802
    },
    {
        "bookingid": 1664
    },
    {
        "bookingid": 1947
    },
    {
        "bookingid": 2228
    },
    {
        "bookingid": 2007
    },
    {
        "bookingid": 1899
    },
    {
        "bookingid": 1999
    },
    {
        "bookingid": 2343
    },
    {
        "bookingid": 2331
    },
    {
        "bookingid": 348
    },
    {
        "bookingid": 36
    },
    {
        "bookingid": 979
    },
    {
        "bookingid": 268
    },
    {
        "bookingid": 2004
    },
    {
        "bookingid": 1197
    },
    {
        "bookingid": 33
    },
    {
        "bookingid": 929
    },
    {
        "bookingid": 2087
    },
    {
        "bookingid": 451
    },
    {
        "bookingid": 274
    },
    {
        "bookingid": 1202
    },
    {
        "bookingid": 1033
    },
    {
        "bookingid": 2261
    },
    {
        "bookingid": 1814
    },
    {
        "bookingid": 804
    },
    {
        "bookingid": 2289
    },
    {
        "bookingid": 2063
    },
    {
        "bookingid": 1604
    },
    {
        "bookingid": 466
    },
    {
        "bookingid": 1804
    },
    {
        "bookingid": 1666
    },
    {
        "bookingid": 2243
    },
    {
        "bookingid": 163
    },
    {
        "bookingid": 1373
    },
    {
        "bookingid": 792
    },
    {
        "bookingid": 728
    },
    {
        "bookingid": 1349
    },
    {
        "bookingid": 1261
    },
    {
        "bookingid": 233
    },
    {
        "bookingid": 363
    },
    {
        "bookingid": 1621
    },
    {
        "bookingid": 2223
    },
    {
        "bookingid": 232
    },
    {
        "bookingid": 765
    },
    {
        "bookingid": 577
    },
    {
        "bookingid": 1995
    },
    {
        "bookingid": 15
    },
    {
        "bookingid": 1452
    },
    {
        "bookingid": 1844
    },
    {
        "bookingid": 1464
    },
    {
        "bookingid": 1356
    },
    {
        "bookingid": 2106
    },
    {
        "bookingid": 1336
    },
    {
        "bookingid": 1956
    },
    {
        "bookingid": 1121
    },
    {
        "bookingid": 2209
    },
    {
        "bookingid": 72
    },
    {
        "bookingid": 2264
    },
    {
        "bookingid": 919
    },
    {
        "bookingid": 1402
    },
    {
        "bookingid": 1538
    },
    {
        "bookingid": 321
    },
    {
        "bookingid": 1902
    },
    {
        "bookingid": 781
    },
    {
        "bookingid": 1360
    },
    {
        "bookingid": 1029
    },
    {
        "bookingid": 1906
    },
    {
        "bookingid": 2300
    },
    {
        "bookingid": 1457
    },
    {
        "bookingid": 787
    },
    {
        "bookingid": 1572
    },
    {
        "bookingid": 1859
    },
    {
        "bookingid": 408
    },
    {
        "bookingid": 1797
    },
    {
        "bookingid": 2031
    },
    {
        "bookingid": 755
    },
    {
        "bookingid": 604
    },
    {
        "bookingid": 1047
    },
    {
        "bookingid": 251
    },
    {
        "bookingid": 2094
    },
    {
        "bookingid": 2240
    },
    {
        "bookingid": 508
    },
    {
        "bookingid": 203
    },
    {
        "bookingid": 892
    },
    {
        "bookingid": 2210
    },
    {
        "bookingid": 1680
    },
    {
        "bookingid": 377
    },
    {
        "bookingid": 788
    },
    {
        "bookingid": 1435
    },
    {
        "bookingid": 656
    },
    {
        "bookingid": 650
    },
    {
        "bookingid": 950
    },
    {
        "bookingid": 1155
    },
    {
        "bookingid": 1291
    },
    {
        "bookingid": 564
    },
    {
        "bookingid": 1586
    },
    {
        "bookingid": 497
    },
    {
        "bookingid": 324
    },
    {
        "bookingid": 1805
    },
    {
        "bookingid": 48
    },
    {
        "bookingid": 1655
    },
    {
        "bookingid": 1885
    },
    {
        "bookingid": 811
    },
    {
        "bookingid": 1727
    },
    {
        "bookingid": 211
    },
    {
        "bookingid": 2015
    },
    {
        "bookingid": 162
    },
    {
        "bookingid": 469
    },
    {
        "bookingid": 1223
    },
    {
        "bookingid": 2091
    },
    {
        "bookingid": 1847
    },
    {
        "bookingid": 601
    },
    {
        "bookingid": 1962
    },
    {
        "bookingid": 197
    },
    {
        "bookingid": 2173
    },
    {
        "bookingid": 306
    },
    {
        "bookingid": 1137
    },
    {
        "bookingid": 1082
    },
    {
        "bookingid": 1204
    },
    {
        "bookingid": 810
    },
    {
        "bookingid": 1056
    },
    {
        "bookingid": 2303
    },
    {
        "bookingid": 1058
    },
    {
        "bookingid": 2076
    },
    {
        "bookingid": 2213
    },
    {
        "bookingid": 214
    },
    {
        "bookingid": 753
    },
    {
        "bookingid": 1659
    },
    {
        "bookingid": 1303
    },
    {
        "bookingid": 2175
    },
    {
        "bookingid": 2291
    },
    {
        "bookingid": 1858
    },
    {
        "bookingid": 1087
    },
    {
        "bookingid": 51
    },
    {
        "bookingid": 666
    },
    {
        "bookingid": 415
    },
    {
        "bookingid": 1242
    },
    {
        "bookingid": 1482
    },
    {
        "bookingid": 1315
    },
    {
        "bookingid": 1723
    },
    {
        "bookingid": 1778
    },
    {
        "bookingid": 668
    },
    {
        "bookingid": 2334
    },
    {
        "bookingid": 1089
    },
    {
        "bookingid": 1603
    },
    {
        "bookingid": 1923
    },
    {
        "bookingid": 736
    },
    {
        "bookingid": 2103
    },
    {
        "bookingid": 296
    },
    {
        "bookingid": 13
    },
    {
        "bookingid": 1791
    },
    {
        "bookingid": 2020
    },
    {
        "bookingid": 1154
    },
    {
        "bookingid": 1372
    },
    {
        "bookingid": 264
    },
    {
        "bookingid": 796
    },
    {
        "bookingid": 1856
    },
    {
        "bookingid": 67
    },
    {
        "bookingid": 1044
    },
    {
        "bookingid": 478
    },
    {
        "bookingid": 1390
    },
    {
        "bookingid": 1892
    },
    {
        "bookingid": 1711
    },
    {
        "bookingid": 1698
    },
    {
        "bookingid": 1129
    },
    {
        "bookingid": 547
    },
    {
        "bookingid": 1849
    },
    {
        "bookingid": 1422
    },
    {
        "bookingid": 2284
    },
    {
        "bookingid": 59
    },
    {
        "bookingid": 1330
    },
    {
        "bookingid": 2191
    },
    {
        "bookingid": 665
    },
    {
        "bookingid": 118
    },
    {
        "bookingid": 842
    },
    {
        "bookingid": 2338
    },
    {
        "bookingid": 2027
    },
    {
        "bookingid": 8
    },
    {
        "bookingid": 436
    },
    {
        "bookingid": 687
    },
    {
        "bookingid": 839
    },
    {
        "bookingid": 2292
    },
    {
        "bookingid": 700
    },
    {
        "bookingid": 911
    },
    {
        "bookingid": 1216
    },
    {
        "bookingid": 47
    },
    {
        "bookingid": 561
    },
    {
        "bookingid": 109
    },
    {
        "bookingid": 1851
    },
    {
        "bookingid": 798
    },
    {
        "bookingid": 116
    },
    {
        "bookingid": 2022
    },
    {
        "bookingid": 332
    },
    {
        "bookingid": 1787
    },
    {
        "bookingid": 1935
    },
    {
        "bookingid": 2314
    },
    {
        "bookingid": 1295
    },
    {
        "bookingid": 2151
    },
    {
        "bookingid": 1834
    },
    {
        "bookingid": 359
    },
    {
        "bookingid": 301
    },
    {
        "bookingid": 1156
    },
    {
        "bookingid": 2256
    },
    {
        "bookingid": 1311
    },
    {
        "bookingid": 631
    },
    {
        "bookingid": 1078
    },
    {
        "bookingid": 1498
    },
    {
        "bookingid": 939
    },
    {
        "bookingid": 208
    },
    {
        "bookingid": 1525
    },
    {
        "bookingid": 178
    },
    {
        "bookingid": 986
    },
    {
        "bookingid": 1064
    },
    {
        "bookingid": 1450
    },
    {
        "bookingid": 1102
    },
    {
        "bookingid": 818
    },
    {
        "bookingid": 294
    },
    {
        "bookingid": 2070
    },
    {
        "bookingid": 1699
    },
    {
        "bookingid": 1186
    },
    {
        "bookingid": 10
    },
    {
        "bookingid": 1256
    },
    {
        "bookingid": 429
    },
    {
        "bookingid": 145
    },
    {
        "bookingid": 537
    },
    {
        "bookingid": 525
    },
    {
        "bookingid": 1663
    },
    {
        "bookingid": 1945
    },
    {
        "bookingid": 1014
    },
    {
        "bookingid": 701
    },
    {
        "bookingid": 1873
    },
    {
        "bookingid": 1085
    },
    {
        "bookingid": 2127
    },
    {
        "bookingid": 2092
    },
    {
        "bookingid": 1284
    },
    {
        "bookingid": 1754
    },
    {
        "bookingid": 1817
    },
    {
        "bookingid": 1065
    },
    {
        "bookingid": 607
    },
    {
        "bookingid": 2040
    },
    {
        "bookingid": 1676
    },
    {
        "bookingid": 1180
    },
    {
        "bookingid": 1426
    },
    {
        "bookingid": 381
    },
    {
        "bookingid": 2204
    },
    {
        "bookingid": 1208
    },
    {
        "bookingid": 1411
    },
    {
        "bookingid": 2116
    },
    {
        "bookingid": 1374
    }
]
]]></system-out>
  </testcase>
</testsuite>